<?xml version="1.0" encoding="UTF-8"?>
<testng-results skipped="0" failed="0" ignored="84" total="85" passed="1">
  <reporter-output>
  </reporter-output>
  <suite name="Default suite" duration-ms="71693" started-at="2019-12-11T16:13:03 IST" finished-at="2019-12-11T16:14:15 IST">
    <groups>
    </groups>
    <test name="Default test" duration-ms="71693" started-at="2019-12-11T16:13:03 IST" finished-at="2019-12-11T16:14:15 IST">
      <class name="GT.GT.CreateAndCallGroupTest">
        <test-method status="PASS" signature="setup(java.lang.String, java.lang.String)[pri:0, instance:GT.GT.CreateAndCallGroupTest@87f383f]" name="setup" is-config="true" duration-ms="7200" started-at="2019-12-11T16:13:03 IST" finished-at="2019-12-11T16:13:10 IST">
          <params>
            <param index="0">
              <value>
                <![CDATA[IamBrowser]]>
              </value>
            </param>
            <param index="1">
              <value>
                <![CDATA[IamUrl]]>
              </value>
            </param>
          </params>
          <reporter-output>
          </reporter-output>
        </test-method> <!-- setup -->
        <test-method status="PASS" signature="beforeCalss()[pri:0, instance:GT.GT.CreateAndCallGroupTest@87f383f]" name="beforeCalss" is-config="true" duration-ms="1" started-at="2019-12-11T16:13:10 IST" finished-at="2019-12-11T16:13:10 IST">
          <reporter-output>
          </reporter-output>
        </test-method> <!-- beforeCalss -->
        <test-method status="PASS" signature="verifyHandRaiseForMultipleParticipants()[pri:0, instance:GT.GT.CreateAndCallGroupTest@87f383f]" name="verifyHandRaiseForMultipleParticipants" duration-ms="40111" started-at="2019-12-11T16:13:10 IST" finished-at="2019-12-11T16:13:50 IST">
          <reporter-output>
          </reporter-output>
        </test-method> <!-- verifyHandRaiseForMultipleParticipants -->
        <test-method status="PASS" signature="tearDown(org.testng.ITestResult)[pri:0, instance:GT.GT.CreateAndCallGroupTest@87f383f]" name="tearDown" is-config="true" duration-ms="23771" started-at="2019-12-11T16:13:50 IST" finished-at="2019-12-11T16:14:14 IST">
          <params>
            <param index="0">
              <value>
                <![CDATA[[TestResult name=verifyHandRaiseForMultipleParticipants status=SUCCESS method=CreateAndCallGroupTest.verifyHandRaiseForMultipleParticipants()[pri:0, instance:GT.GT.CreateAndCallGroupTest@87f383f] output={null}]]]>
              </value>
            </param>
          </params>
          <reporter-output>
          </reporter-output>
        </test-method> <!-- tearDown -->
        <test-method status="PASS" signature="closeBrowser1(java.lang.String)[pri:0, instance:GT.GT.CreateAndCallGroupTest@87f383f]" name="closeBrowser1" is-config="true" duration-ms="591" started-at="2019-12-11T16:14:14 IST" finished-at="2019-12-11T16:14:15 IST">
          <params>
            <param index="0">
              <value>
                <![CDATA[IamOptional]]>
              </value>
            </param>
          </params>
          <reporter-output>
          </reporter-output>
        </test-method> <!-- closeBrowser1 -->
      </class> <!-- GT.GT.CreateAndCallGroupTest -->
    </test> <!-- Default test -->
  </suite> <!-- Default suite -->
</testng-results>
