<?xml version="1.0" encoding="UTF-8"?>
<!-- Generated by org.testng.reporters.JUnitXMLReporter -->
<testsuite hostname="DESKTOP-U3PMRBE" ignored="10" name="AccountPageTest1" tests="14" failures="1" timestamp="2019-11-04T15:01:57 IST" time="461.436" errors="0">
  <testcase name="verifyEditUserProfile" time="25.839" classname="GT.GT.AccountPageTest"/>
  <testcase name="verifyConfigureClipsFunctionalityOnProfilePage" time="34.978" classname="GT.GT.AccountPageTest"/>
  <testcase name="verifyRechargeWithPaytm" time="6.414" classname="GT.GT.AccountPageTest"/>
  <testcase name="verifyTotalAmountUsedByUser" time="60.999" classname="GT.GT.AccountPageTest">
    <failure type="org.openqa.selenium.ElementNotVisibleException" message="element not interactable
  (Session info: chrome=78.0.3904.87)
  (Driver info: chromedriver=2.43.600210 (68dcf5eebde37173d4027fa8635e332711d2874a),platform=Windows NT 10.0.17763 x86_64) (WARNING: The server did not provide any stacktrace information)
Command duration or timeout: 0 milliseconds
Build info: version: &amp;apos;3.10.0&amp;apos;, revision: &amp;apos;176b4a9&amp;apos;, time: &amp;apos;2018-03-02T19:03:16.397Z&amp;apos;
System info: host: &amp;apos;DESKTOP-U3PMRBE&amp;apos;, ip: &amp;apos;169.254.86.53&amp;apos;, os.name: &amp;apos;Windows 10&amp;apos;, os.arch: &amp;apos;amd64&amp;apos;, os.version: &amp;apos;10.0&amp;apos;, java.version: &amp;apos;1.8.0_221&amp;apos;
Driver info: org.openqa.selenium.chrome.ChromeDriver
Capabilities {acceptInsecureCerts: false, acceptSslCerts: false, applicationCacheEnabled: false, browserConnectionEnabled: false, browserName: chrome, chrome: {chromedriverVersion: 2.43.600210 (68dcf5eebde371..., userDataDir: C:\Users\smsc\AppData\Local...}, cssSelectorsEnabled: true, databaseEnabled: false, goog:chromeOptions: {debuggerAddress: localhost:21927}, handlesAlerts: true, hasTouchScreen: false, javascriptEnabled: true, locationContextEnabled: true, mobileEmulationEnabled: false, nativeEvents: true, networkConnectionEnabled: false, pageLoadStrategy: normal, platform: XP, platformName: XP, rotatable: false, setWindowRect: true, takesHeapSnapshot: true, takesScreenshot: true, unexpectedAlertBehaviour: , unhandledPromptBehavior: , version: 78.0.3904.87, webStorageEnabled: true}
Session ID: 7e857b8a85dd38fdaad2ef6734240f40">
      <![CDATA[org.openqa.selenium.ElementNotVisibleException: element not interactable
  (Session info: chrome=78.0.3904.87)
  (Driver info: chromedriver=2.43.600210 (68dcf5eebde37173d4027fa8635e332711d2874a),platform=Windows NT 10.0.17763 x86_64) (WARNING: The server did not provide any stacktrace information)
Command duration or timeout: 0 milliseconds
Build info: version: '3.10.0', revision: '176b4a9', time: '2018-03-02T19:03:16.397Z'
System info: host: 'DESKTOP-U3PMRBE', ip: '169.254.86.53', os.name: 'Windows 10', os.arch: 'amd64', os.version: '10.0', java.version: '1.8.0_221'
Driver info: org.openqa.selenium.chrome.ChromeDriver
Capabilities {acceptInsecureCerts: false, acceptSslCerts: false, applicationCacheEnabled: false, browserConnectionEnabled: false, browserName: chrome, chrome: {chromedriverVersion: 2.43.600210 (68dcf5eebde371..., userDataDir: C:\Users\smsc\AppData\Local...}, cssSelectorsEnabled: true, databaseEnabled: false, goog:chromeOptions: {debuggerAddress: localhost:21927}, handlesAlerts: true, hasTouchScreen: false, javascriptEnabled: true, locationContextEnabled: true, mobileEmulationEnabled: false, nativeEvents: true, networkConnectionEnabled: false, pageLoadStrategy: normal, platform: XP, platformName: XP, rotatable: false, setWindowRect: true, takesHeapSnapshot: true, takesScreenshot: true, unexpectedAlertBehaviour: , unhandledPromptBehavior: , version: 78.0.3904.87, webStorageEnabled: true}
Session ID: 7e857b8a85dd38fdaad2ef6734240f40
at org.openqa.selenium.remote.ErrorHandler.createThrowable(ErrorHandler.java:214)
at org.openqa.selenium.remote.ErrorHandler.throwIfResponseFailed(ErrorHandler.java:166)
at org.openqa.selenium.remote.http.JsonHttpResponseCodec.reconstructValue(JsonHttpResponseCodec.java:40)
at org.openqa.selenium.remote.http.AbstractHttpResponseCodec.decode(AbstractHttpResponseCodec.java:80)
at org.openqa.selenium.remote.http.AbstractHttpResponseCodec.decode(AbstractHttpResponseCodec.java:44)
at org.openqa.selenium.remote.HttpCommandExecutor.execute(HttpCommandExecutor.java:160)
at org.openqa.selenium.remote.service.DriverCommandExecutor.execute(DriverCommandExecutor.java:83)
at org.openqa.selenium.remote.RemoteWebDriver.execute(RemoteWebDriver.java:601)
at org.openqa.selenium.remote.RemoteWebElement.execute(RemoteWebElement.java:279)
at org.openqa.selenium.remote.RemoteWebElement.click(RemoteWebElement.java:83)
at GT.GT.GrpTalks.selectSavedGroupByName(GrpTalks.java:871)
at GT.GT.AccountPageTest.verifyTotalAmountUsedByUser(AccountPageTest.java:195)
at java.util.ArrayList.forEach(Unknown Source)
... Removed 31 stack frames]]>
    </failure>
  </testcase> <!-- verifyTotalAmountUsedByUser -->
  <testcase name="verifyAllTabsAreDisplayedOnMyAccountPage" time="5.11" classname="GT.GT.AccountPageTest"/>
  <testcase name="verifyTheCountOfAccountManagersInAccountManagersTab" time="12.276" classname="GT.GT.AccountPageTest"/>
  <testcase name="verifyAddAccountManagerFunctionalityByGivingNonRegisteredNumberInAccountManagersTab" time="6.154" classname="GT.GT.AccountPageTest"/>
  <testcase name="verifyAccountManagerFunctionalityInAccountManagersTab" time="25.534" classname="GT.GT.AccountPageTest"/>
  <testcase name="checkAccountDetails" time="4.695" classname="GT.GT.AccountPageTest"/>
  <testcase name="verifyPromocode" time="7.59" classname="GT.GT.AccountPageTest"/>
  <testcase name="verifyAddSubAccountFunctionalityWithAlreadyExistedSubAccount" time="5.081" classname="GT.GT.AccountPageTest"/>
  <testcase name="verifyAddSubAccountFunctionalityByGivingNonRegisteredNumberInSubAccountsTab" time="5.313" classname="GT.GT.AccountPageTest"/>
  <testcase name="verifyAddSubAccountFunctionalityInSubAccountsTab" time="19.795" classname="GT.GT.AccountPageTest"/>
  <testcase name="verifyAddBalanceFunctionalityToExistingSubAccountInSubAccountsTab" time="19.117" classname="GT.GT.AccountPageTest"/>
  <testcase name="verifycallManagerFunctionalityInAccountManagersTab" time="0.0" classname="GT.GT.AccountPageTest">
    <ignored/>
  </testcase> <!-- verifycallManagerFunctionalityInAccountManagersTab -->
  <testcase name="verifyViewSubAccountDetailsFunctionalityInSubAccountsTab" time="0.0" classname="GT.GT.AccountPageTest">
    <ignored/>
  </testcase> <!-- verifyViewSubAccountDetailsFunctionalityInSubAccountsTab -->
  <testcase name="verifyAddSubAccountFunctionalityWithAlreadyExistedMainAccount" time="0.0" classname="GT.GT.AccountPageTest">
    <ignored/>
  </testcase> <!-- verifyAddSubAccountFunctionalityWithAlreadyExistedMainAccount -->
  <testcase name="verifyErrorMsgOnAddSubAccountOverlayWhenTransferAmountExceedsMainAccountAvailableAmountLimit" time="0.0" classname="GT.GT.AccountPageTest">
    <ignored/>
  </testcase> <!-- verifyErrorMsgOnAddSubAccountOverlayWhenTransferAmountExceedsMainAccountAvailableAmountLimit -->
  <testcase name="verifyAllAndRechargesTabsOnMyAccountPage" time="0.0" classname="GT.GT.AccountPageTest">
    <ignored/>
  </testcase> <!-- verifyAllAndRechargesTabsOnMyAccountPage -->
  <testcase name="verifyAddSubAccountFunctionalityWhenSelectPoolAsSubAccountType" time="0.0" classname="GT.GT.AccountPageTest">
    <ignored/>
  </testcase> <!-- verifyAddSubAccountFunctionalityWhenSelectPoolAsSubAccountType -->
  <testcase name="verifyEditSubAccountFunctionalityInSubAccountsTab" time="0.0" classname="GT.GT.AccountPageTest">
    <ignored/>
  </testcase> <!-- verifyEditSubAccountFunctionalityInSubAccountsTab -->
  <testcase name="verifyErrorMsgOnAddSubAccountOverlayWhenMemeberLimitExceedsMainAccountMaxMemberLimit" time="0.0" classname="GT.GT.AccountPageTest">
    <ignored/>
  </testcase> <!-- verifyErrorMsgOnAddSubAccountOverlayWhenMemeberLimitExceedsMainAccountMaxMemberLimit -->
  <testcase name="verifybalancecheckinsubaccounts" time="0.0" classname="GT.GT.AccountPageTest">
    <ignored/>
  </testcase> <!-- verifybalancecheckinsubaccounts -->
  <testcase name="verifyExistingSubAccountFunctionalityInSubAccountsTab" time="0.0" classname="GT.GT.AccountPageTest">
    <ignored/>
  </testcase> <!-- verifyExistingSubAccountFunctionalityInSubAccountsTab -->
</testsuite> <!-- AccountPageTest1 -->
