<?xml version="1.0" encoding="UTF-8"?>
<!-- Generated by org.testng.reporters.JUnitXMLReporter -->
<testsuite hostname="DESKTOP-U3PMRBE" ignored="10" name="AccountPageTest1" tests="14" failures="0" timestamp="2019-11-08T12:56:38 IST" time="449.6" errors="0">
  <testcase name="verifyEditUserProfile" time="21.859" classname="GT.GT.AccountPageTest"/>
  <testcase name="verifyConfigureClipsFunctionalityOnProfilePage" time="35.751" classname="GT.GT.AccountPageTest"/>
  <testcase name="verifyRechargeWithPaytm" time="6.955" classname="GT.GT.AccountPageTest"/>
  <testcase name="verifyTotalAmountUsedByUser" time="71.259" classname="GT.GT.AccountPageTest"/>
  <testcase name="verifyAllTabsAreDisplayedOnMyAccountPage" time="5.109" classname="GT.GT.AccountPageTest"/>
  <testcase name="verifyTheCountOfAccountManagersInAccountManagersTab" time="6.708" classname="GT.GT.AccountPageTest"/>
  <testcase name="verifyAddAccountManagerFunctionalityByGivingNonRegisteredNumberInAccountManagersTab" time="7.213" classname="GT.GT.AccountPageTest"/>
  <testcase name="verifyAccountManagerFunctionalityInAccountManagersTab" time="26.484" classname="GT.GT.AccountPageTest"/>
  <testcase name="checkAccountDetails" time="5.414" classname="GT.GT.AccountPageTest"/>
  <testcase name="verifyPromocode" time="7.137" classname="GT.GT.AccountPageTest"/>
  <testcase name="verifyAddSubAccountFunctionalityWithAlreadyExistedSubAccount" time="5.188" classname="GT.GT.AccountPageTest"/>
  <testcase name="verifyAddSubAccountFunctionalityByGivingNonRegisteredNumberInSubAccountsTab" time="6.252" classname="GT.GT.AccountPageTest"/>
  <testcase name="verifyAddSubAccountFunctionalityInSubAccountsTab" time="9.307" classname="GT.GT.AccountPageTest"/>
  <testcase name="verifyAddBalanceFunctionalityToExistingSubAccountInSubAccountsTab" time="10.589" classname="GT.GT.AccountPageTest"/>
  <testcase name="verifycallManagerFunctionalityInAccountManagersTab" time="0.0" classname="GT.GT.AccountPageTest">
    <ignored/>
  </testcase> <!-- verifycallManagerFunctionalityInAccountManagersTab -->
  <testcase name="verifyViewSubAccountDetailsFunctionalityInSubAccountsTab" time="0.0" classname="GT.GT.AccountPageTest">
    <ignored/>
  </testcase> <!-- verifyViewSubAccountDetailsFunctionalityInSubAccountsTab -->
  <testcase name="verifyAddSubAccountFunctionalityWithAlreadyExistedMainAccount" time="0.0" classname="GT.GT.AccountPageTest">
    <ignored/>
  </testcase> <!-- verifyAddSubAccountFunctionalityWithAlreadyExistedMainAccount -->
  <testcase name="verifyErrorMsgOnAddSubAccountOverlayWhenTransferAmountExceedsMainAccountAvailableAmountLimit" time="0.0" classname="GT.GT.AccountPageTest">
    <ignored/>
  </testcase> <!-- verifyErrorMsgOnAddSubAccountOverlayWhenTransferAmountExceedsMainAccountAvailableAmountLimit -->
  <testcase name="verifyAllAndRechargesTabsOnMyAccountPage" time="0.0" classname="GT.GT.AccountPageTest">
    <ignored/>
  </testcase> <!-- verifyAllAndRechargesTabsOnMyAccountPage -->
  <testcase name="verifyAddSubAccountFunctionalityWhenSelectPoolAsSubAccountType" time="0.0" classname="GT.GT.AccountPageTest">
    <ignored/>
  </testcase> <!-- verifyAddSubAccountFunctionalityWhenSelectPoolAsSubAccountType -->
  <testcase name="verifyEditSubAccountFunctionalityInSubAccountsTab" time="0.0" classname="GT.GT.AccountPageTest">
    <ignored/>
  </testcase> <!-- verifyEditSubAccountFunctionalityInSubAccountsTab -->
  <testcase name="verifyErrorMsgOnAddSubAccountOverlayWhenMemeberLimitExceedsMainAccountMaxMemberLimit" time="0.0" classname="GT.GT.AccountPageTest">
    <ignored/>
  </testcase> <!-- verifyErrorMsgOnAddSubAccountOverlayWhenMemeberLimitExceedsMainAccountMaxMemberLimit -->
  <testcase name="verifybalancecheckinsubaccounts" time="0.0" classname="GT.GT.AccountPageTest">
    <ignored/>
  </testcase> <!-- verifybalancecheckinsubaccounts -->
  <testcase name="verifyExistingSubAccountFunctionalityInSubAccountsTab" time="0.0" classname="GT.GT.AccountPageTest">
    <ignored/>
  </testcase> <!-- verifyExistingSubAccountFunctionalityInSubAccountsTab -->
</testsuite> <!-- AccountPageTest1 -->
