<?xml version="1.0" encoding="UTF-8"?>
<!-- Generated by org.testng.reporters.JUnitXMLReporter -->
<testsuite hostname="DESKTOP-U3PMRBE" ignored="52" name="callpage" tests="28" failures="11" timestamp="2019-10-29T10:36:53 IST" time="1349.783" errors="0">
  <testcase name="createAndSaveTheGroup" time="19.276" classname="GT.GT.CreateAndCallGroupTest"/>
  <testcase name="removeLeaveGroup" time="10.018" classname="GT.GT.CreateAndCallGroupTest"/>
  <testcase name="verifyAddContactsFromContactsListByEditngSavedGroupOnMyGrpTalkPage" time="26.628" classname="GT.GT.CreateAndCallGroupTest"/>
  <testcase name="verifyAllButtonsDisplayedOnCallOverlay" time="9.862" classname="GT.GT.CreateAndCallGroupTest"/>
  <testcase name="verifyCallFunctionalityOfListMembers" time="41.645" classname="GT.GT.CreateAndCallGroupTest">
    <failure type="java.lang.NullPointerException">
      <![CDATA[java.lang.NullPointerException
at java.util.concurrent.TimeUnit$3.convert(Unknown Source)
at org.openqa.selenium.remote.RemoteWebDriver$RemoteWebDriverOptions$RemoteTimeouts.implicitlyWait(RemoteWebDriver.java:836)
at GT.GT.GrpTalks.verifyLiveCallState(GrpTalks.java:998)
at GT.GT.CreateAndCallGroupTest.verifyCallFunctionalityOfListMembers(CreateAndCallGroupTest.java:651)
at java.util.ArrayList.forEach(Unknown Source)
... Removed 27 stack frames]]>
    </failure>
  </testcase> <!-- verifyCallFunctionalityOfListMembers -->
  <testcase name="verifyCallFunctionalityOfTestContactsFromCreateGroupTalkPage" time="38.327" classname="GT.GT.CreateAndCallGroupTest">
    <failure type="java.lang.NullPointerException">
      <![CDATA[java.lang.NullPointerException
at java.util.concurrent.TimeUnit$3.convert(Unknown Source)
at org.openqa.selenium.remote.RemoteWebDriver$RemoteWebDriverOptions$RemoteTimeouts.implicitlyWait(RemoteWebDriver.java:836)
at GT.GT.GrpTalks.verifyLiveCallState(GrpTalks.java:998)
at GT.GT.CreateAndCallGroupTest.verifyCallFunctionalityOfTestContactsFromCreateGroupTalkPage(CreateAndCallGroupTest.java:526)
at java.util.ArrayList.forEach(Unknown Source)
... Removed 27 stack frames]]>
    </failure>
  </testcase> <!-- verifyCallFunctionalityOfTestContactsFromCreateGroupTalkPage -->
  <testcase name="verifyContactListInPhoneContacts" time="7.409" classname="GT.GT.CreateAndCallGroupTest"/>
  <testcase name="verifyCreateListFromExcelUploadOnCreateGrpPage" time="22.837" classname="GT.GT.CreateAndCallGroupTest">
    <failure type="org.openqa.selenium.ElementNotVisibleException" message="element not interactable
  (Session info: chrome=77.0.3865.120)
  (Driver info: chromedriver=2.43.600210 (68dcf5eebde37173d4027fa8635e332711d2874a),platform=Windows NT 10.0.17763 x86_64) (WARNING: The server did not provide any stacktrace information)
Command duration or timeout: 0 milliseconds
Build info: version: &amp;apos;3.10.0&amp;apos;, revision: &amp;apos;176b4a9&amp;apos;, time: &amp;apos;2018-03-02T19:03:16.397Z&amp;apos;
System info: host: &amp;apos;DESKTOP-U3PMRBE&amp;apos;, ip: &amp;apos;169.254.86.53&amp;apos;, os.name: &amp;apos;Windows 10&amp;apos;, os.arch: &amp;apos;amd64&amp;apos;, os.version: &amp;apos;10.0&amp;apos;, java.version: &amp;apos;1.8.0_221&amp;apos;
Driver info: org.openqa.selenium.chrome.ChromeDriver
Capabilities {acceptInsecureCerts: false, acceptSslCerts: false, applicationCacheEnabled: false, browserConnectionEnabled: false, browserName: chrome, chrome: {chromedriverVersion: 2.43.600210 (68dcf5eebde371..., userDataDir: C:\Users\smsc\AppData\Local...}, cssSelectorsEnabled: true, databaseEnabled: false, goog:chromeOptions: {debuggerAddress: localhost:32083}, handlesAlerts: true, hasTouchScreen: false, javascriptEnabled: true, locationContextEnabled: true, mobileEmulationEnabled: false, nativeEvents: true, networkConnectionEnabled: false, pageLoadStrategy: normal, platform: XP, platformName: XP, rotatable: false, setWindowRect: true, takesHeapSnapshot: true, takesScreenshot: true, unexpectedAlertBehaviour: , unhandledPromptBehavior: , version: 77.0.3865.120, webStorageEnabled: true}
Session ID: 5856efc7262c6589b2811ae46b21d28e">
      <![CDATA[org.openqa.selenium.ElementNotVisibleException: element not interactable
  (Session info: chrome=77.0.3865.120)
  (Driver info: chromedriver=2.43.600210 (68dcf5eebde37173d4027fa8635e332711d2874a),platform=Windows NT 10.0.17763 x86_64) (WARNING: The server did not provide any stacktrace information)
Command duration or timeout: 0 milliseconds
Build info: version: '3.10.0', revision: '176b4a9', time: '2018-03-02T19:03:16.397Z'
System info: host: 'DESKTOP-U3PMRBE', ip: '169.254.86.53', os.name: 'Windows 10', os.arch: 'amd64', os.version: '10.0', java.version: '1.8.0_221'
Driver info: org.openqa.selenium.chrome.ChromeDriver
Capabilities {acceptInsecureCerts: false, acceptSslCerts: false, applicationCacheEnabled: false, browserConnectionEnabled: false, browserName: chrome, chrome: {chromedriverVersion: 2.43.600210 (68dcf5eebde371..., userDataDir: C:\Users\smsc\AppData\Local...}, cssSelectorsEnabled: true, databaseEnabled: false, goog:chromeOptions: {debuggerAddress: localhost:32083}, handlesAlerts: true, hasTouchScreen: false, javascriptEnabled: true, locationContextEnabled: true, mobileEmulationEnabled: false, nativeEvents: true, networkConnectionEnabled: false, pageLoadStrategy: normal, platform: XP, platformName: XP, rotatable: false, setWindowRect: true, takesHeapSnapshot: true, takesScreenshot: true, unexpectedAlertBehaviour: , unhandledPromptBehavior: , version: 77.0.3865.120, webStorageEnabled: true}
Session ID: 5856efc7262c6589b2811ae46b21d28e
at org.openqa.selenium.remote.ErrorHandler.createThrowable(ErrorHandler.java:214)
at org.openqa.selenium.remote.ErrorHandler.throwIfResponseFailed(ErrorHandler.java:166)
at org.openqa.selenium.remote.http.JsonHttpResponseCodec.reconstructValue(JsonHttpResponseCodec.java:40)
at org.openqa.selenium.remote.http.AbstractHttpResponseCodec.decode(AbstractHttpResponseCodec.java:80)
at org.openqa.selenium.remote.http.AbstractHttpResponseCodec.decode(AbstractHttpResponseCodec.java:44)
at org.openqa.selenium.remote.HttpCommandExecutor.execute(HttpCommandExecutor.java:160)
at org.openqa.selenium.remote.service.DriverCommandExecutor.execute(DriverCommandExecutor.java:83)
at org.openqa.selenium.remote.RemoteWebDriver.execute(RemoteWebDriver.java:601)
at org.openqa.selenium.remote.RemoteWebElement.execute(RemoteWebElement.java:279)
at org.openqa.selenium.remote.RemoteWebElement.click(RemoteWebElement.java:83)
at GT.GT.CreatingGroup.givenExcelSheetDetailsOnOverlay(CreatingGroup.java:572)
at GT.GT.CreateAndCallGroupTest.verifyCreateListFromExcelUploadOnCreateGrpPage(CreateAndCallGroupTest.java:953)
at java.util.ArrayList.forEach(Unknown Source)
... Removed 31 stack frames]]>
    </failure>
  </testcase> <!-- verifyCreateListFromExcelUploadOnCreateGrpPage -->
  <testcase name="verifyCreateListFromExcelUploadandphonecontacts" time="22.809" classname="GT.GT.CreateAndCallGroupTest">
    <failure type="org.openqa.selenium.ElementNotVisibleException" message="element not interactable
  (Session info: chrome=77.0.3865.120)
  (Driver info: chromedriver=2.43.600210 (68dcf5eebde37173d4027fa8635e332711d2874a),platform=Windows NT 10.0.17763 x86_64) (WARNING: The server did not provide any stacktrace information)
Command duration or timeout: 0 milliseconds
Build info: version: &amp;apos;3.10.0&amp;apos;, revision: &amp;apos;176b4a9&amp;apos;, time: &amp;apos;2018-03-02T19:03:16.397Z&amp;apos;
System info: host: &amp;apos;DESKTOP-U3PMRBE&amp;apos;, ip: &amp;apos;169.254.86.53&amp;apos;, os.name: &amp;apos;Windows 10&amp;apos;, os.arch: &amp;apos;amd64&amp;apos;, os.version: &amp;apos;10.0&amp;apos;, java.version: &amp;apos;1.8.0_221&amp;apos;
Driver info: org.openqa.selenium.chrome.ChromeDriver
Capabilities {acceptInsecureCerts: false, acceptSslCerts: false, applicationCacheEnabled: false, browserConnectionEnabled: false, browserName: chrome, chrome: {chromedriverVersion: 2.43.600210 (68dcf5eebde371..., userDataDir: C:\Users\smsc\AppData\Local...}, cssSelectorsEnabled: true, databaseEnabled: false, goog:chromeOptions: {debuggerAddress: localhost:32083}, handlesAlerts: true, hasTouchScreen: false, javascriptEnabled: true, locationContextEnabled: true, mobileEmulationEnabled: false, nativeEvents: true, networkConnectionEnabled: false, pageLoadStrategy: normal, platform: XP, platformName: XP, rotatable: false, setWindowRect: true, takesHeapSnapshot: true, takesScreenshot: true, unexpectedAlertBehaviour: , unhandledPromptBehavior: , version: 77.0.3865.120, webStorageEnabled: true}
Session ID: 5856efc7262c6589b2811ae46b21d28e">
      <![CDATA[org.openqa.selenium.ElementNotVisibleException: element not interactable
  (Session info: chrome=77.0.3865.120)
  (Driver info: chromedriver=2.43.600210 (68dcf5eebde37173d4027fa8635e332711d2874a),platform=Windows NT 10.0.17763 x86_64) (WARNING: The server did not provide any stacktrace information)
Command duration or timeout: 0 milliseconds
Build info: version: '3.10.0', revision: '176b4a9', time: '2018-03-02T19:03:16.397Z'
System info: host: 'DESKTOP-U3PMRBE', ip: '169.254.86.53', os.name: 'Windows 10', os.arch: 'amd64', os.version: '10.0', java.version: '1.8.0_221'
Driver info: org.openqa.selenium.chrome.ChromeDriver
Capabilities {acceptInsecureCerts: false, acceptSslCerts: false, applicationCacheEnabled: false, browserConnectionEnabled: false, browserName: chrome, chrome: {chromedriverVersion: 2.43.600210 (68dcf5eebde371..., userDataDir: C:\Users\smsc\AppData\Local...}, cssSelectorsEnabled: true, databaseEnabled: false, goog:chromeOptions: {debuggerAddress: localhost:32083}, handlesAlerts: true, hasTouchScreen: false, javascriptEnabled: true, locationContextEnabled: true, mobileEmulationEnabled: false, nativeEvents: true, networkConnectionEnabled: false, pageLoadStrategy: normal, platform: XP, platformName: XP, rotatable: false, setWindowRect: true, takesHeapSnapshot: true, takesScreenshot: true, unexpectedAlertBehaviour: , unhandledPromptBehavior: , version: 77.0.3865.120, webStorageEnabled: true}
Session ID: 5856efc7262c6589b2811ae46b21d28e
at org.openqa.selenium.remote.ErrorHandler.createThrowable(ErrorHandler.java:214)
at org.openqa.selenium.remote.ErrorHandler.throwIfResponseFailed(ErrorHandler.java:166)
at org.openqa.selenium.remote.http.JsonHttpResponseCodec.reconstructValue(JsonHttpResponseCodec.java:40)
at org.openqa.selenium.remote.http.AbstractHttpResponseCodec.decode(AbstractHttpResponseCodec.java:80)
at org.openqa.selenium.remote.http.AbstractHttpResponseCodec.decode(AbstractHttpResponseCodec.java:44)
at org.openqa.selenium.remote.HttpCommandExecutor.execute(HttpCommandExecutor.java:160)
at org.openqa.selenium.remote.service.DriverCommandExecutor.execute(DriverCommandExecutor.java:83)
at org.openqa.selenium.remote.RemoteWebDriver.execute(RemoteWebDriver.java:601)
at org.openqa.selenium.remote.RemoteWebElement.execute(RemoteWebElement.java:279)
at org.openqa.selenium.remote.RemoteWebElement.click(RemoteWebElement.java:83)
at GT.GT.CreatingGroup.givenExcelSheetDetailsOnOverlay(CreatingGroup.java:572)
at GT.GT.CreateAndCallGroupTest.verifyCreateListFromExcelUploadandphonecontacts(CreateAndCallGroupTest.java:3818)
at java.util.ArrayList.forEach(Unknown Source)
... Removed 31 stack frames]]>
    </failure>
  </testcase> <!-- verifyCreateListFromExcelUploadandphonecontacts -->
  <testcase name="verifyDialFunctionalityOfScheduleGroup" time="151.327" classname="GT.GT.CreateAndCallGroupTest">
    <failure type="java.lang.NullPointerException">
      <![CDATA[java.lang.NullPointerException
at java.util.concurrent.TimeUnit$3.convert(Unknown Source)
at org.openqa.selenium.remote.RemoteWebDriver$RemoteWebDriverOptions$RemoteTimeouts.implicitlyWait(RemoteWebDriver.java:836)
at GT.GT.GrpTalks.verifyLiveCallState(GrpTalks.java:998)
at GT.GT.CreateAndCallGroupTest.verifyDialFunctionalityOfScheduleGroup(CreateAndCallGroupTest.java:3460)
at java.util.ArrayList.forEach(Unknown Source)
... Removed 27 stack frames]]>
    </failure>
  </testcase> <!-- verifyDialFunctionalityOfScheduleGroup -->
  <testcase name="verifyErrorMessageWhenJunkDataGivenInSearchBox" time="0.047" classname="GT.GT.CreateAndCallGroupTest">
    <failure type="org.openqa.selenium.WebDriverException" message="unknown error: Element &amp;lt;i id=&amp;quot;createGrpTalkNew&amp;quot; class=&amp;quot;fa fa-plus-circle pull-right margin-top-10&amp;quot;&amp;gt;&amp;lt;/i&amp;gt; is not clickable at point (289, 110). Other element would receive the click: &amp;lt;div class=&amp;quot;blockUI blockOverlay&amp;quot; style=&amp;quot;z-index: 1000; border: none; margin: 0px; padding: 0px; width: 100%; height: 100%; top: 0px; left: 0px; background-color: rgb(0, 0, 0); cursor: default; position: fixed; opacity: 0.363142;&amp;quot;&amp;gt;&amp;lt;/div&amp;gt;
  (Session info: chrome=77.0.3865.120)
  (Driver info: chromedriver=2.43.600210 (68dcf5eebde37173d4027fa8635e332711d2874a),platform=Windows NT 10.0.17763 x86_64) (WARNING: The server did not provide any stacktrace information)
Command duration or timeout: 0 milliseconds
Build info: version: &amp;apos;3.10.0&amp;apos;, revision: &amp;apos;176b4a9&amp;apos;, time: &amp;apos;2018-03-02T19:03:16.397Z&amp;apos;
System info: host: &amp;apos;DESKTOP-U3PMRBE&amp;apos;, ip: &amp;apos;169.254.86.53&amp;apos;, os.name: &amp;apos;Windows 10&amp;apos;, os.arch: &amp;apos;amd64&amp;apos;, os.version: &amp;apos;10.0&amp;apos;, java.version: &amp;apos;1.8.0_221&amp;apos;
Driver info: org.openqa.selenium.chrome.ChromeDriver
Capabilities {acceptInsecureCerts: false, acceptSslCerts: false, applicationCacheEnabled: false, browserConnectionEnabled: false, browserName: chrome, chrome: {chromedriverVersion: 2.43.600210 (68dcf5eebde371..., userDataDir: C:\Users\smsc\AppData\Local...}, cssSelectorsEnabled: true, databaseEnabled: false, goog:chromeOptions: {debuggerAddress: localhost:32083}, handlesAlerts: true, hasTouchScreen: false, javascriptEnabled: true, locationContextEnabled: true, mobileEmulationEnabled: false, nativeEvents: true, networkConnectionEnabled: false, pageLoadStrategy: normal, platform: XP, platformName: XP, rotatable: false, setWindowRect: true, takesHeapSnapshot: true, takesScreenshot: true, unexpectedAlertBehaviour: , unhandledPromptBehavior: , version: 77.0.3865.120, webStorageEnabled: true}
Session ID: 5856efc7262c6589b2811ae46b21d28e">
      <![CDATA[org.openqa.selenium.WebDriverException: unknown error: Element <i id="createGrpTalkNew" class="fa fa-plus-circle pull-right margin-top-10"></i> is not clickable at point (289, 110). Other element would receive the click: <div class="blockUI blockOverlay" style="z-index: 1000; border: none; margin: 0px; padding: 0px; width: 100%; height: 100%; top: 0px; left: 0px; background-color: rgb(0, 0, 0); cursor: default; position: fixed; opacity: 0.363142;"></div>
  (Session info: chrome=77.0.3865.120)
  (Driver info: chromedriver=2.43.600210 (68dcf5eebde37173d4027fa8635e332711d2874a),platform=Windows NT 10.0.17763 x86_64) (WARNING: The server did not provide any stacktrace information)
Command duration or timeout: 0 milliseconds
Build info: version: '3.10.0', revision: '176b4a9', time: '2018-03-02T19:03:16.397Z'
System info: host: 'DESKTOP-U3PMRBE', ip: '169.254.86.53', os.name: 'Windows 10', os.arch: 'amd64', os.version: '10.0', java.version: '1.8.0_221'
Driver info: org.openqa.selenium.chrome.ChromeDriver
Capabilities {acceptInsecureCerts: false, acceptSslCerts: false, applicationCacheEnabled: false, browserConnectionEnabled: false, browserName: chrome, chrome: {chromedriverVersion: 2.43.600210 (68dcf5eebde371..., userDataDir: C:\Users\smsc\AppData\Local...}, cssSelectorsEnabled: true, databaseEnabled: false, goog:chromeOptions: {debuggerAddress: localhost:32083}, handlesAlerts: true, hasTouchScreen: false, javascriptEnabled: true, locationContextEnabled: true, mobileEmulationEnabled: false, nativeEvents: true, networkConnectionEnabled: false, pageLoadStrategy: normal, platform: XP, platformName: XP, rotatable: false, setWindowRect: true, takesHeapSnapshot: true, takesScreenshot: true, unexpectedAlertBehaviour: , unhandledPromptBehavior: , version: 77.0.3865.120, webStorageEnabled: true}
Session ID: 5856efc7262c6589b2811ae46b21d28e
at org.openqa.selenium.remote.ErrorHandler.createThrowable(ErrorHandler.java:214)
at org.openqa.selenium.remote.ErrorHandler.throwIfResponseFailed(ErrorHandler.java:166)
at org.openqa.selenium.remote.http.JsonHttpResponseCodec.reconstructValue(JsonHttpResponseCodec.java:40)
at org.openqa.selenium.remote.http.AbstractHttpResponseCodec.decode(AbstractHttpResponseCodec.java:80)
at org.openqa.selenium.remote.http.AbstractHttpResponseCodec.decode(AbstractHttpResponseCodec.java:44)
at org.openqa.selenium.remote.HttpCommandExecutor.execute(HttpCommandExecutor.java:160)
at org.openqa.selenium.remote.service.DriverCommandExecutor.execute(DriverCommandExecutor.java:83)
at org.openqa.selenium.remote.RemoteWebDriver.execute(RemoteWebDriver.java:601)
at org.openqa.selenium.remote.RemoteWebElement.execute(RemoteWebElement.java:279)
at org.openqa.selenium.remote.RemoteWebElement.click(RemoteWebElement.java:83)
at utility.CommonMethods.clickMethod(CommonMethods.java:35)
at GT.GT.CreateAndCallGroupTest.verifyErrorMessageWhenJunkDataGivenInSearchBox(CreateAndCallGroupTest.java:327)
at java.util.ArrayList.forEach(Unknown Source)
... Removed 31 stack frames]]>
    </failure>
  </testcase> <!-- verifyErrorMessageWhenJunkDataGivenInSearchBox -->
  <testcase name="verifyErrorMsgWhenWeSubmitStartNowButtonWithOutSelectingAnyPhoneContacts" time="7.481" classname="GT.GT.CreateAndCallGroupTest"/>
  <testcase name="verifyFooterTextDisplayedOnMyGrpTalksPage" time="0.051" classname="GT.GT.CreateAndCallGroupTest"/>
  <testcase name="verifyHeaderTabsAndLogosDisplayedOnGrpTalksPage" time="5.171" classname="GT.GT.CreateAndCallGroupTest"/>
  <testcase name="verifyHistoryOfGroup" time="7.511" classname="GT.GT.CreateAndCallGroupTest"/>
  <testcase name="verifyMuteAndUnmuteFunctionalityInLiveCallWhenParticipantsAreInPrivateRoom" time="21.478" classname="GT.GT.CreateAndCallGroupTest">
    <failure type="java.lang.NullPointerException">
      <![CDATA[java.lang.NullPointerException
at java.util.concurrent.TimeUnit$3.convert(Unknown Source)
at org.openqa.selenium.remote.RemoteWebDriver$RemoteWebDriverOptions$RemoteTimeouts.implicitlyWait(RemoteWebDriver.java:836)
at GT.GT.GrpTalks.verifyLiveCallState(GrpTalks.java:998)
at GT.GT.CreateAndCallGroupTest.verifyMuteAndUnmuteFunctionalityInLiveCallWhenParticipantsAreInPrivateRoom(CreateAndCallGroupTest.java:2658)
at java.util.ArrayList.forEach(Unknown Source)
... Removed 27 stack frames]]>
    </failure>
  </testcase> <!-- verifyMuteAndUnmuteFunctionalityInLiveCallWhenParticipantsAreInPrivateRoom -->
  <testcase name="verifyMuteCallFunctionalityFromCreateGroupTalkPageByCreatingNewGroup" time="39.11" classname="GT.GT.CreateAndCallGroupTest">
    <failure type="java.lang.NullPointerException">
      <![CDATA[java.lang.NullPointerException
at java.util.concurrent.TimeUnit$3.convert(Unknown Source)
at org.openqa.selenium.remote.RemoteWebDriver$RemoteWebDriverOptions$RemoteTimeouts.implicitlyWait(RemoteWebDriver.java:836)
at GT.GT.GrpTalks.verifyLiveCallState(GrpTalks.java:998)
at GT.GT.CreateAndCallGroupTest.verifyMuteCallFunctionalityFromCreateGroupTalkPageByCreatingNewGroup(CreateAndCallGroupTest.java:1069)
at java.util.ArrayList.forEach(Unknown Source)
... Removed 27 stack frames]]>
    </failure>
  </testcase> <!-- verifyMuteCallFunctionalityFromCreateGroupTalkPageByCreatingNewGroup -->
  <testcase name="verifyPrivateRoomFuntionalityInLiveCall" time="21.396" classname="GT.GT.CreateAndCallGroupTest">
    <failure type="java.lang.NullPointerException">
      <![CDATA[java.lang.NullPointerException
at java.util.concurrent.TimeUnit$3.convert(Unknown Source)
at org.openqa.selenium.remote.RemoteWebDriver$RemoteWebDriverOptions$RemoteTimeouts.implicitlyWait(RemoteWebDriver.java:836)
at GT.GT.GrpTalks.verifyLiveCallState(GrpTalks.java:998)
at GT.GT.CreateAndCallGroupTest.verifyPrivateRoomFuntionalityInLiveCall(CreateAndCallGroupTest.java:2562)
at java.util.ArrayList.forEach(Unknown Source)
... Removed 27 stack frames]]>
    </failure>
  </testcase> <!-- verifyPrivateRoomFuntionalityInLiveCall -->
  <testcase name="verifyQuickDialButtonFunctionalityofGroupsInMyGrpTalk" time="7.267" classname="GT.GT.CreateAndCallGroupTest"/>
  <testcase name="verifyRetryCallFunctionality" time="37.185" classname="GT.GT.CreateAndCallGroupTest">
    <failure type="java.lang.NullPointerException">
      <![CDATA[java.lang.NullPointerException
at java.util.concurrent.TimeUnit$3.convert(Unknown Source)
at org.openqa.selenium.remote.RemoteWebDriver$RemoteWebDriverOptions$RemoteTimeouts.implicitlyWait(RemoteWebDriver.java:836)
at GT.GT.GrpTalks.verifyLiveCallState(GrpTalks.java:998)
at GT.GT.CreateAndCallGroupTest.verifyRetryCallFunctionality(CreateAndCallGroupTest.java:2393)
at java.util.ArrayList.forEach(Unknown Source)
... Removed 27 stack frames]]>
    </failure>
  </testcase> <!-- verifyRetryCallFunctionality -->
  <testcase name="verifySaveGroupWithNormalAndMuteClips" time="43.233" classname="GT.GT.CreateAndCallGroupTest"/>
  <testcase name="verifyScheduleGrpTalk" time="24.695" classname="GT.GT.CreateAndCallGroupTest"/>
  <testcase name="verifySearchOptionWithfullValidUserName" time="9.13" classname="GT.GT.CreateAndCallGroupTest"/>
  <testcase name="verifySelectContactFromContactList" time="7.755" classname="GT.GT.CreateAndCallGroupTest"/>
  <testcase name="verify_list_Of_Group_Users_On_MyGrpTalk_Page" time="21.289" classname="GT.GT.CreateAndCallGroupTest"/>
  <testcase name="verifyfunctionalityOfExcelReportDownloadOptionOnHistory" time="4.906" classname="GT.GT.CreateAndCallGroupTest">
    <failure type="org.openqa.selenium.WebDriverException" message="unknown error: Element &amp;lt;a id=&amp;quot;btnDownlodHistory&amp;quot; batchid=&amp;quot;4763E398E20A4F329B0DCE93427976AD&amp;quot; href=&amp;quot;javascript:void(0);&amp;quot; title=&amp;quot;Download Excel Report&amp;quot; style=&amp;quot;position:absolute;top:-4px;right:5px;z-index:99;&amp;quot;&amp;gt;...&amp;lt;/a&amp;gt; is not clickable at point (1277, 200). Other element would receive the click: &amp;lt;div class=&amp;quot;blockUI blockOverlay&amp;quot; style=&amp;quot;z-index: 1000; border: none; margin: 0px; padding: 0px; width: 100%; height: 100%; top: 0px; left: 0px; background-color: rgb(0, 0, 0); cursor: default; position: fixed; opacity: 0;&amp;quot;&amp;gt;&amp;lt;/div&amp;gt;
  (Session info: chrome=77.0.3865.120)
  (Driver info: chromedriver=2.43.600210 (68dcf5eebde37173d4027fa8635e332711d2874a),platform=Windows NT 10.0.17763 x86_64) (WARNING: The server did not provide any stacktrace information)
Command duration or timeout: 0 milliseconds
Build info: version: &amp;apos;3.10.0&amp;apos;, revision: &amp;apos;176b4a9&amp;apos;, time: &amp;apos;2018-03-02T19:03:16.397Z&amp;apos;
System info: host: &amp;apos;DESKTOP-U3PMRBE&amp;apos;, ip: &amp;apos;169.254.86.53&amp;apos;, os.name: &amp;apos;Windows 10&amp;apos;, os.arch: &amp;apos;amd64&amp;apos;, os.version: &amp;apos;10.0&amp;apos;, java.version: &amp;apos;1.8.0_221&amp;apos;
Driver info: org.openqa.selenium.chrome.ChromeDriver
Capabilities {acceptInsecureCerts: false, acceptSslCerts: false, applicationCacheEnabled: false, browserConnectionEnabled: false, browserName: chrome, chrome: {chromedriverVersion: 2.43.600210 (68dcf5eebde371..., userDataDir: C:\Users\smsc\AppData\Local...}, cssSelectorsEnabled: true, databaseEnabled: false, goog:chromeOptions: {debuggerAddress: localhost:32083}, handlesAlerts: true, hasTouchScreen: false, javascriptEnabled: true, locationContextEnabled: true, mobileEmulationEnabled: false, nativeEvents: true, networkConnectionEnabled: false, pageLoadStrategy: normal, platform: XP, platformName: XP, rotatable: false, setWindowRect: true, takesHeapSnapshot: true, takesScreenshot: true, unexpectedAlertBehaviour: , unhandledPromptBehavior: , version: 77.0.3865.120, webStorageEnabled: true}
Session ID: 5856efc7262c6589b2811ae46b21d28e">
      <![CDATA[org.openqa.selenium.WebDriverException: unknown error: Element <a id="btnDownlodHistory" batchid="4763E398E20A4F329B0DCE93427976AD" href="javascript:void(0);" title="Download Excel Report" style="position:absolute;top:-4px;right:5px;z-index:99;">...</a> is not clickable at point (1277, 200). Other element would receive the click: <div class="blockUI blockOverlay" style="z-index: 1000; border: none; margin: 0px; padding: 0px; width: 100%; height: 100%; top: 0px; left: 0px; background-color: rgb(0, 0, 0); cursor: default; position: fixed; opacity: 0;"></div>
  (Session info: chrome=77.0.3865.120)
  (Driver info: chromedriver=2.43.600210 (68dcf5eebde37173d4027fa8635e332711d2874a),platform=Windows NT 10.0.17763 x86_64) (WARNING: The server did not provide any stacktrace information)
Command duration or timeout: 0 milliseconds
Build info: version: '3.10.0', revision: '176b4a9', time: '2018-03-02T19:03:16.397Z'
System info: host: 'DESKTOP-U3PMRBE', ip: '169.254.86.53', os.name: 'Windows 10', os.arch: 'amd64', os.version: '10.0', java.version: '1.8.0_221'
Driver info: org.openqa.selenium.chrome.ChromeDriver
Capabilities {acceptInsecureCerts: false, acceptSslCerts: false, applicationCacheEnabled: false, browserConnectionEnabled: false, browserName: chrome, chrome: {chromedriverVersion: 2.43.600210 (68dcf5eebde371..., userDataDir: C:\Users\smsc\AppData\Local...}, cssSelectorsEnabled: true, databaseEnabled: false, goog:chromeOptions: {debuggerAddress: localhost:32083}, handlesAlerts: true, hasTouchScreen: false, javascriptEnabled: true, locationContextEnabled: true, mobileEmulationEnabled: false, nativeEvents: true, networkConnectionEnabled: false, pageLoadStrategy: normal, platform: XP, platformName: XP, rotatable: false, setWindowRect: true, takesHeapSnapshot: true, takesScreenshot: true, unexpectedAlertBehaviour: , unhandledPromptBehavior: , version: 77.0.3865.120, webStorageEnabled: true}
Session ID: 5856efc7262c6589b2811ae46b21d28e
at org.openqa.selenium.remote.ErrorHandler.createThrowable(ErrorHandler.java:214)
at org.openqa.selenium.remote.ErrorHandler.throwIfResponseFailed(ErrorHandler.java:166)
at org.openqa.selenium.remote.http.JsonHttpResponseCodec.reconstructValue(JsonHttpResponseCodec.java:40)
at org.openqa.selenium.remote.http.AbstractHttpResponseCodec.decode(AbstractHttpResponseCodec.java:80)
at org.openqa.selenium.remote.http.AbstractHttpResponseCodec.decode(AbstractHttpResponseCodec.java:44)
at org.openqa.selenium.remote.HttpCommandExecutor.execute(HttpCommandExecutor.java:160)
at org.openqa.selenium.remote.service.DriverCommandExecutor.execute(DriverCommandExecutor.java:83)
at org.openqa.selenium.remote.RemoteWebDriver.execute(RemoteWebDriver.java:601)
at org.openqa.selenium.remote.RemoteWebElement.execute(RemoteWebElement.java:279)
at org.openqa.selenium.remote.RemoteWebElement.click(RemoteWebElement.java:83)
at GT.GT.GrpTalks.clickExcelReportDownloadButtonOnHistory(GrpTalks.java:522)
at GT.GT.CreateAndCallGroupTest.verifyfunctionalityOfExcelReportDownloadOptionOnHistory(CreateAndCallGroupTest.java:3420)
at java.util.ArrayList.forEach(Unknown Source)
... Removed 31 stack frames]]>
    </failure>
  </testcase> <!-- verifyfunctionalityOfExcelReportDownloadOptionOnHistory -->
  <testcase name="verifyselectedcontactstab" time="16.608" classname="GT.GT.CreateAndCallGroupTest"/>
  <testcase name="VerifyAllowNonMembersOptionInAdvancedSettingsOnOverlayInEditGrpTalk" time="40.3" classname="GT.GT.CreateAndCallGroupTest"/>
  <testcase name="verifyEditGroupWithNormalAndMuteClips" time="0.0" classname="GT.GT.CreateAndCallGroupTest">
    <ignored/>
  </testcase> <!-- verifyEditGroupWithNormalAndMuteClips -->
  <testcase name="verifyCancelOptionForScheduleGroup" time="0.0" classname="GT.GT.CreateAndCallGroupTest">
    <ignored/>
  </testcase> <!-- verifyCancelOptionForScheduleGroup -->
  <testcase name="verifyErrorMsgWhenWeSubmitSaveButtonWithOutEnterGrpTalkName" time="0.0" classname="GT.GT.CreateAndCallGroupTest">
    <ignored/>
  </testcase> <!-- verifyErrorMsgWhenWeSubmitSaveButtonWithOutEnterGrpTalkName -->
  <testcase name="verifyRemoveFunctionalityOfSavedGroupsOnMyGrpTalkPage" time="0.0" classname="GT.GT.CreateAndCallGroupTest">
    <ignored/>
  </testcase> <!-- verifyRemoveFunctionalityOfSavedGroupsOnMyGrpTalkPage -->
  <testcase name="verifyNormalAndMuteClipsFunctionalityOnScheduleOverlay" time="0.0" classname="GT.GT.CreateAndCallGroupTest">
    <ignored/>
  </testcase> <!-- verifyNormalAndMuteClipsFunctionalityOnScheduleOverlay -->
  <testcase name="VerifyAssignCallManagerOptionInAdvancedSettingsOnOverlayForSchedule" time="0.0" classname="GT.GT.CreateAndCallGroupTest">
    <ignored/>
  </testcase> <!-- VerifyAssignCallManagerOptionInAdvancedSettingsOnOverlayForSchedule -->
  <testcase name="verifyCallFunctionalityWhenMuteAllButtonIsClickedInUnMutedTab" time="0.0" classname="GT.GT.CreateAndCallGroupTest">
    <ignored/>
  </testcase> <!-- verifyCallFunctionalityWhenMuteAllButtonIsClickedInUnMutedTab -->
  <testcase name="verifyCallFunctionalityFromOnCallTab" time="0.0" classname="GT.GT.CreateAndCallGroupTest">
    <ignored/>
  </testcase> <!-- verifyCallFunctionalityFromOnCallTab -->
  <testcase name="verifyRepeatDaysFunctionalityOnEditGrpTalks" time="0.0" classname="GT.GT.CreateAndCallGroupTest">
    <ignored/>
  </testcase> <!-- verifyRepeatDaysFunctionalityOnEditGrpTalks -->
  <testcase name="verifyHangUpInOnGoingCallOfindividualUser" time="0.0" classname="GT.GT.CreateAndCallGroupTest">
    <ignored/>
  </testcase> <!-- verifyHangUpInOnGoingCallOfindividualUser -->
  <testcase name="verifyErrorMsgWhenWeSubmitStartNowButtonWithOutEnterGrpTalkName" time="0.0" classname="GT.GT.CreateAndCallGroupTest">
    <ignored/>
  </testcase> <!-- verifyErrorMsgWhenWeSubmitStartNowButtonWithOutEnterGrpTalkName -->
  <testcase name="verifyErrorMsgWhenWeSubmitScheduleButtonWithOutSelectingAnyPhoneContacts" time="0.0" classname="GT.GT.CreateAndCallGroupTest">
    <ignored/>
  </testcase> <!-- verifyErrorMsgWhenWeSubmitScheduleButtonWithOutSelectingAnyPhoneContacts -->
  <testcase name="verifyDeleteNormalAndMuteClipsFromScheduleGRoup" time="0.0" classname="GT.GT.CreateAndCallGroupTest">
    <ignored/>
  </testcase> <!-- verifyDeleteNormalAndMuteClipsFromScheduleGRoup -->
  <testcase name="verifyMuteFunctionalityInOnGoingGrpCallThroughNormalDial" time="0.0" classname="GT.GT.CreateAndCallGroupTest">
    <ignored/>
  </testcase> <!-- verifyMuteFunctionalityInOnGoingGrpCallThroughNormalDial -->
  <testcase name="VerifyDialInOptionInAdvancedSettingsOnOverlayInEditGrpTalk" time="0.0" classname="GT.GT.CreateAndCallGroupTest">
    <ignored/>
  </testcase> <!-- VerifyDialInOptionInAdvancedSettingsOnOverlayInEditGrpTalk -->
  <testcase name="verifyNonRepeatedGroupCallFunctionalityThroughHistory" time="0.0" classname="GT.GT.CreateAndCallGroupTest">
    <ignored/>
  </testcase> <!-- verifyNonRepeatedGroupCallFunctionalityThroughHistory -->
  <testcase name="verifySelectSpecificCharacterOfContactsInPhoneContacts" time="0.0" classname="GT.GT.CreateAndCallGroupTest">
    <ignored/>
  </testcase> <!-- verifySelectSpecificCharacterOfContactsInPhoneContacts -->
  <testcase name="verifyCanclefunctionalityOnOverlayInGrpCall" time="0.0" classname="GT.GT.CreateAndCallGroupTest">
    <ignored/>
  </testcase> <!-- verifyCanclefunctionalityOnOverlayInGrpCall -->
  <testcase name="verifyMuteDialfunctionalityOnOverlayInGrpCall" time="0.0" classname="GT.GT.CreateAndCallGroupTest">
    <ignored/>
  </testcase> <!-- verifyMuteDialfunctionalityOnOverlayInGrpCall -->
  <testcase name="verifyNumberOfUsersFromSelectedContactsTab" time="0.0" classname="GT.GT.CreateAndCallGroupTest">
    <ignored/>
  </testcase> <!-- verifyNumberOfUsersFromSelectedContactsTab -->
  <testcase name="verifyUnMuteFromMuteDialfunctionalityInGrpCall" time="0.0" classname="GT.GT.CreateAndCallGroupTest">
    <ignored/>
  </testcase> <!-- verifyUnMuteFromMuteDialfunctionalityInGrpCall -->
  <testcase name="verifyAddMemberInOnGoingGrpCallThroughWebList" time="0.0" classname="GT.GT.CreateAndCallGroupTest">
    <ignored/>
  </testcase> <!-- verifyAddMemberInOnGoingGrpCallThroughWebList -->
  <testcase name="verifyCallFunctionalityOfIndividualDialInCallEndedTab" time="0.0" classname="GT.GT.CreateAndCallGroupTest">
    <ignored/>
  </testcase> <!-- verifyCallFunctionalityOfIndividualDialInCallEndedTab -->
  <testcase name="method11" time="0.0" classname="GT.GT.CreateAndCallGroupTest">
    <ignored/>
  </testcase> <!-- method11 -->
  <testcase name="verifyScheduleGroupWithNormalAndMuteClips" time="0.0" classname="GT.GT.CreateAndCallGroupTest">
    <ignored/>
  </testcase> <!-- verifyScheduleGroupWithNormalAndMuteClips -->
  <testcase name="verifyMuteDialFunctionalityFromScheduleOverlay" time="0.0" classname="GT.GT.CreateAndCallGroupTest">
    <ignored/>
  </testcase> <!-- verifyMuteDialFunctionalityFromScheduleOverlay -->
  <testcase name="verifyPrivateRoomFuntionalityInLiveCallListView" time="0.0" classname="GT.GT.CreateAndCallGroupTest">
    <ignored/>
  </testcase> <!-- verifyPrivateRoomFuntionalityInLiveCallListView -->
  <testcase name="verifyRemoveContactFromSavedGroupOnMyGrpTalkPage" time="0.0" classname="GT.GT.CreateAndCallGroupTest">
    <ignored/>
  </testcase> <!-- verifyRemoveContactFromSavedGroupOnMyGrpTalkPage -->
  <testcase name="verifyCallFunctionalityOfContactsFromCreateGroupTalkPage" time="0.0" classname="GT.GT.CreateAndCallGroupTest">
    <ignored/>
  </testcase> <!-- verifyCallFunctionalityOfContactsFromCreateGroupTalkPage -->
  <testcase name="verifyErrorMsgWhenWeSubmitSaveButtonWithOutSelectingAnyPhoneContacts" time="0.0" classname="GT.GT.CreateAndCallGroupTest">
    <ignored/>
  </testcase> <!-- verifyErrorMsgWhenWeSubmitSaveButtonWithOutSelectingAnyPhoneContacts -->
  <testcase name="verifyDatePickerFunctionalityOnEditGrpTalks" time="0.0" classname="GT.GT.CreateAndCallGroupTest">
    <ignored/>
  </testcase> <!-- verifyDatePickerFunctionalityOnEditGrpTalks -->
  <testcase name="verifyAddMoreNumberOfUsersthanMaximunLimitFromContactList" time="0.0" classname="GT.GT.CreateAndCallGroupTest">
    <ignored/>
  </testcase> <!-- verifyAddMoreNumberOfUsersthanMaximunLimitFromContactList -->
  <testcase name="verifyErrorMsgWhenWeSubmitScheduleButtonWithOutEnterGrpTalkName" time="0.0" classname="GT.GT.CreateAndCallGroupTest">
    <ignored/>
  </testcase> <!-- verifyErrorMsgWhenWeSubmitScheduleButtonWithOutEnterGrpTalkName -->
  <testcase name="verifySearchOptionWithPartialValidUserName" time="0.0" classname="GT.GT.CreateAndCallGroupTest">
    <ignored/>
  </testcase> <!-- verifySearchOptionWithPartialValidUserName -->
  <testcase name="verifyCallFunctionalityOfIndividualDialInCallEndedTabInListView" time="0.0" classname="GT.GT.CreateAndCallGroupTest">
    <ignored/>
  </testcase> <!-- verifyCallFunctionalityOfIndividualDialInCallEndedTabInListView -->
  <testcase name="verifyCallFunctionalityOfDialAllButtonInCallEndedTab" time="0.0" classname="GT.GT.CreateAndCallGroupTest">
    <ignored/>
  </testcase> <!-- verifyCallFunctionalityOfDialAllButtonInCallEndedTab -->
  <testcase name="verifyAddMemberInOnGoingGrpCallFromCreateGroupTalkPageByCreatingNewGroup" time="0.0" classname="GT.GT.CreateAndCallGroupTest">
    <ignored/>
  </testcase> <!-- verifyAddMemberInOnGoingGrpCallFromCreateGroupTalkPageByCreatingNewGroup -->
  <testcase name="verifyCallFunctionalityFromUnMutedCountInListView" time="0.0" classname="GT.GT.CreateAndCallGroupTest">
    <ignored/>
  </testcase> <!-- verifyCallFunctionalityFromUnMutedCountInListView -->
  <testcase name="verifyNormalAndMuteClipsFunctionalityOnSaveGroupOverlay" time="0.0" classname="GT.GT.CreateAndCallGroupTest">
    <ignored/>
  </testcase> <!-- verifyNormalAndMuteClipsFunctionalityOnSaveGroupOverlay -->
  <testcase name="verifyCallFunctionalityFromAllMembersTabInListView" time="0.0" classname="GT.GT.CreateAndCallGroupTest">
    <ignored/>
  </testcase> <!-- verifyCallFunctionalityFromAllMembersTabInListView -->
  <testcase name="VerifyDialInOptionAndAllowNonMembersOptionInAdvancedSettingsOnOverlayInEditGrpTalk" time="0.0" classname="GT.GT.CreateAndCallGroupTest">
    <ignored/>
  </testcase> <!-- VerifyDialInOptionAndAllowNonMembersOptionInAdvancedSettingsOnOverlayInEditGrpTalk -->
  <testcase name="verifyDatePickerFunctionalityForScheduleOnEditGrpTalks" time="0.0" classname="GT.GT.CreateAndCallGroupTest">
    <ignored/>
  </testcase> <!-- verifyDatePickerFunctionalityForScheduleOnEditGrpTalks -->
  <testcase name="VerifyDialInOptionInAdvancedSettingsOnOverlayForSchedule" time="0.0" classname="GT.GT.CreateAndCallGroupTest">
    <ignored/>
  </testcase> <!-- VerifyDialInOptionInAdvancedSettingsOnOverlayForSchedule -->
  <testcase name="verifyCallFunctionalityFromAllMembersTab" time="0.0" classname="GT.GT.CreateAndCallGroupTest">
    <ignored/>
  </testcase> <!-- verifyCallFunctionalityFromAllMembersTab -->
  <testcase name="verifyCallFunctionalityFromOnCallTabInListView" time="0.0" classname="GT.GT.CreateAndCallGroupTest">
    <ignored/>
  </testcase> <!-- verifyCallFunctionalityFromOnCallTabInListView -->
  <testcase name="verifyAddMemberInOnGoingGrpCallThroughContacts" time="0.0" classname="GT.GT.CreateAndCallGroupTest">
    <ignored/>
  </testcase> <!-- verifyAddMemberInOnGoingGrpCallThroughContacts -->
  <testcase name="verifyCallFunctionalityFromCreateGroupTalkPageByCreatingNewGroup" time="0.0" classname="GT.GT.CreateAndCallGroupTest">
    <ignored/>
  </testcase> <!-- verifyCallFunctionalityFromCreateGroupTalkPageByCreatingNewGroup -->
  <testcase name="verifyGrpTalkNameOnCreateGroupAndGrpTalksPages" time="0.0" classname="GT.GT.CreateAndCallGroupTest">
    <ignored/>
  </testcase> <!-- verifyGrpTalkNameOnCreateGroupAndGrpTalksPages -->
  <testcase name="verifyCallFunctionalityFromQuickDialButtonInMyGrpTalk" time="0.0" classname="GT.GT.CreateAndCallGroupTest">
    <ignored/>
  </testcase> <!-- verifyCallFunctionalityFromQuickDialButtonInMyGrpTalk -->
  <testcase name="createAndSaveTheGroupByLeaveGroupName" time="0.0" classname="GT.GT.CreateAndCallGroupTest">
    <ignored/>
  </testcase> <!-- createAndSaveTheGroupByLeaveGroupName -->
  <testcase name="verifyCallFunctionalityFromUnMutedCount" time="0.0" classname="GT.GT.CreateAndCallGroupTest">
    <ignored/>
  </testcase> <!-- verifyCallFunctionalityFromUnMutedCount -->
  <testcase name="verifyCreateWebLIstFromCreateGrpPage" time="0.0" classname="GT.GT.CreateAndCallGroupTest">
    <ignored/>
  </testcase> <!-- verifyCreateWebLIstFromCreateGrpPage -->
</testsuite> <!-- callpage -->
