<?xml version="1.0" encoding="UTF-8"?>
<!-- Generated by org.testng.reporters.JUnitXMLReporter -->
<testsuite hostname="DESKTOP-U3PMRBE" ignored="52" name="callpage" tests="28" failures="11" timestamp="2019-11-01T15:59:10 IST" time="1533.857" errors="0">
  <testcase name="createAndSaveTheGroup" time="17.874" classname="GT.GT.CreateAndCallGroupTest"/>
  <testcase name="removeLeaveGroup" time="10.024" classname="GT.GT.CreateAndCallGroupTest"/>
  <testcase name="verifyAddContactsFromContactsListByEditngSavedGroupOnMyGrpTalkPage" time="18.717" classname="GT.GT.CreateAndCallGroupTest">
    <failure type="org.openqa.selenium.ElementNotVisibleException" message="element not interactable
  (Session info: chrome=78.0.3904.70)
  (Driver info: chromedriver=2.43.600210 (68dcf5eebde37173d4027fa8635e332711d2874a),platform=Windows NT 10.0.17763 x86_64) (WARNING: The server did not provide any stacktrace information)
Command duration or timeout: 0 milliseconds
Build info: version: &amp;apos;3.10.0&amp;apos;, revision: &amp;apos;176b4a9&amp;apos;, time: &amp;apos;2018-03-02T19:03:16.397Z&amp;apos;
System info: host: &amp;apos;DESKTOP-U3PMRBE&amp;apos;, ip: &amp;apos;169.254.86.53&amp;apos;, os.name: &amp;apos;Windows 10&amp;apos;, os.arch: &amp;apos;amd64&amp;apos;, os.version: &amp;apos;10.0&amp;apos;, java.version: &amp;apos;1.8.0_221&amp;apos;
Driver info: org.openqa.selenium.chrome.ChromeDriver
Capabilities {acceptInsecureCerts: false, acceptSslCerts: false, applicationCacheEnabled: false, browserConnectionEnabled: false, browserName: chrome, chrome: {chromedriverVersion: 2.43.600210 (68dcf5eebde371..., userDataDir: C:\Users\smsc\AppData\Local...}, cssSelectorsEnabled: true, databaseEnabled: false, goog:chromeOptions: {debuggerAddress: localhost:59595}, handlesAlerts: true, hasTouchScreen: false, javascriptEnabled: true, locationContextEnabled: true, mobileEmulationEnabled: false, nativeEvents: true, networkConnectionEnabled: false, pageLoadStrategy: normal, platform: XP, platformName: XP, rotatable: false, setWindowRect: true, takesHeapSnapshot: true, takesScreenshot: true, unexpectedAlertBehaviour: , unhandledPromptBehavior: , version: 78.0.3904.70, webStorageEnabled: true}
Session ID: 40ff66da3dd4f51459e6bcb963938836">
      <![CDATA[org.openqa.selenium.ElementNotVisibleException: element not interactable
  (Session info: chrome=78.0.3904.70)
  (Driver info: chromedriver=2.43.600210 (68dcf5eebde37173d4027fa8635e332711d2874a),platform=Windows NT 10.0.17763 x86_64) (WARNING: The server did not provide any stacktrace information)
Command duration or timeout: 0 milliseconds
Build info: version: '3.10.0', revision: '176b4a9', time: '2018-03-02T19:03:16.397Z'
System info: host: 'DESKTOP-U3PMRBE', ip: '169.254.86.53', os.name: 'Windows 10', os.arch: 'amd64', os.version: '10.0', java.version: '1.8.0_221'
Driver info: org.openqa.selenium.chrome.ChromeDriver
Capabilities {acceptInsecureCerts: false, acceptSslCerts: false, applicationCacheEnabled: false, browserConnectionEnabled: false, browserName: chrome, chrome: {chromedriverVersion: 2.43.600210 (68dcf5eebde371..., userDataDir: C:\Users\smsc\AppData\Local...}, cssSelectorsEnabled: true, databaseEnabled: false, goog:chromeOptions: {debuggerAddress: localhost:59595}, handlesAlerts: true, hasTouchScreen: false, javascriptEnabled: true, locationContextEnabled: true, mobileEmulationEnabled: false, nativeEvents: true, networkConnectionEnabled: false, pageLoadStrategy: normal, platform: XP, platformName: XP, rotatable: false, setWindowRect: true, takesHeapSnapshot: true, takesScreenshot: true, unexpectedAlertBehaviour: , unhandledPromptBehavior: , version: 78.0.3904.70, webStorageEnabled: true}
Session ID: 40ff66da3dd4f51459e6bcb963938836
at org.openqa.selenium.remote.ErrorHandler.createThrowable(ErrorHandler.java:214)
at org.openqa.selenium.remote.ErrorHandler.throwIfResponseFailed(ErrorHandler.java:166)
at org.openqa.selenium.remote.http.JsonHttpResponseCodec.reconstructValue(JsonHttpResponseCodec.java:40)
at org.openqa.selenium.remote.http.AbstractHttpResponseCodec.decode(AbstractHttpResponseCodec.java:80)
at org.openqa.selenium.remote.http.AbstractHttpResponseCodec.decode(AbstractHttpResponseCodec.java:44)
at org.openqa.selenium.remote.HttpCommandExecutor.execute(HttpCommandExecutor.java:160)
at org.openqa.selenium.remote.service.DriverCommandExecutor.execute(DriverCommandExecutor.java:83)
at org.openqa.selenium.remote.RemoteWebDriver.execute(RemoteWebDriver.java:601)
at org.openqa.selenium.remote.RemoteWebElement.execute(RemoteWebElement.java:279)
at org.openqa.selenium.remote.RemoteWebElement.click(RemoteWebElement.java:83)
at GT.GT.CreatingGroup.createAndSaveTheGrpWithOneParticipant(CreatingGroup.java:386)
at GT.GT.CreateAndCallGroupTest.verifyAddContactsFromContactsListByEditngSavedGroupOnMyGrpTalkPage(CreateAndCallGroupTest.java:1020)
at java.util.ArrayList.forEach(Unknown Source)
... Removed 31 stack frames]]>
    </failure>
  </testcase> <!-- verifyAddContactsFromContactsListByEditngSavedGroupOnMyGrpTalkPage -->
  <testcase name="verifyAllButtonsDisplayedOnCallOverlay" time="8.242" classname="GT.GT.CreateAndCallGroupTest"/>
  <testcase name="verifyCallFunctionalityOfListMembers" time="75.539" classname="GT.GT.CreateAndCallGroupTest"/>
  <testcase name="verifyCallFunctionalityOfTestContactsFromCreateGroupTalkPage" time="3.043" classname="GT.GT.CreateAndCallGroupTest">
    <failure type="org.openqa.selenium.WebDriverException" message="unknown error: Element &amp;lt;i id=&amp;quot;createGrpTalkNew&amp;quot; class=&amp;quot;fa fa-plus-circle pull-right margin-top-10&amp;quot;&amp;gt;&amp;lt;/i&amp;gt; is not clickable at point (289, 110). Other element would receive the click: &amp;lt;div class=&amp;quot;blockUI blockOverlay&amp;quot; style=&amp;quot;z-index: 1000; border: none; margin: 0px; padding: 0px; width: 100%; height: 100%; top: 0px; left: 0px; background-color: rgb(0, 0, 0); cursor: wait; position: fixed; opacity: 0.6;&amp;quot;&amp;gt;&amp;lt;/div&amp;gt;
  (Session info: chrome=78.0.3904.70)
  (Driver info: chromedriver=2.43.600210 (68dcf5eebde37173d4027fa8635e332711d2874a),platform=Windows NT 10.0.17763 x86_64) (WARNING: The server did not provide any stacktrace information)
Command duration or timeout: 0 milliseconds
Build info: version: &amp;apos;3.10.0&amp;apos;, revision: &amp;apos;176b4a9&amp;apos;, time: &amp;apos;2018-03-02T19:03:16.397Z&amp;apos;
System info: host: &amp;apos;DESKTOP-U3PMRBE&amp;apos;, ip: &amp;apos;169.254.86.53&amp;apos;, os.name: &amp;apos;Windows 10&amp;apos;, os.arch: &amp;apos;amd64&amp;apos;, os.version: &amp;apos;10.0&amp;apos;, java.version: &amp;apos;1.8.0_221&amp;apos;
Driver info: org.openqa.selenium.chrome.ChromeDriver
Capabilities {acceptInsecureCerts: false, acceptSslCerts: false, applicationCacheEnabled: false, browserConnectionEnabled: false, browserName: chrome, chrome: {chromedriverVersion: 2.43.600210 (68dcf5eebde371..., userDataDir: C:\Users\smsc\AppData\Local...}, cssSelectorsEnabled: true, databaseEnabled: false, goog:chromeOptions: {debuggerAddress: localhost:59595}, handlesAlerts: true, hasTouchScreen: false, javascriptEnabled: true, locationContextEnabled: true, mobileEmulationEnabled: false, nativeEvents: true, networkConnectionEnabled: false, pageLoadStrategy: normal, platform: XP, platformName: XP, rotatable: false, setWindowRect: true, takesHeapSnapshot: true, takesScreenshot: true, unexpectedAlertBehaviour: , unhandledPromptBehavior: , version: 78.0.3904.70, webStorageEnabled: true}
Session ID: 40ff66da3dd4f51459e6bcb963938836">
      <![CDATA[org.openqa.selenium.WebDriverException: unknown error: Element <i id="createGrpTalkNew" class="fa fa-plus-circle pull-right margin-top-10"></i> is not clickable at point (289, 110). Other element would receive the click: <div class="blockUI blockOverlay" style="z-index: 1000; border: none; margin: 0px; padding: 0px; width: 100%; height: 100%; top: 0px; left: 0px; background-color: rgb(0, 0, 0); cursor: wait; position: fixed; opacity: 0.6;"></div>
  (Session info: chrome=78.0.3904.70)
  (Driver info: chromedriver=2.43.600210 (68dcf5eebde37173d4027fa8635e332711d2874a),platform=Windows NT 10.0.17763 x86_64) (WARNING: The server did not provide any stacktrace information)
Command duration or timeout: 0 milliseconds
Build info: version: '3.10.0', revision: '176b4a9', time: '2018-03-02T19:03:16.397Z'
System info: host: 'DESKTOP-U3PMRBE', ip: '169.254.86.53', os.name: 'Windows 10', os.arch: 'amd64', os.version: '10.0', java.version: '1.8.0_221'
Driver info: org.openqa.selenium.chrome.ChromeDriver
Capabilities {acceptInsecureCerts: false, acceptSslCerts: false, applicationCacheEnabled: false, browserConnectionEnabled: false, browserName: chrome, chrome: {chromedriverVersion: 2.43.600210 (68dcf5eebde371..., userDataDir: C:\Users\smsc\AppData\Local...}, cssSelectorsEnabled: true, databaseEnabled: false, goog:chromeOptions: {debuggerAddress: localhost:59595}, handlesAlerts: true, hasTouchScreen: false, javascriptEnabled: true, locationContextEnabled: true, mobileEmulationEnabled: false, nativeEvents: true, networkConnectionEnabled: false, pageLoadStrategy: normal, platform: XP, platformName: XP, rotatable: false, setWindowRect: true, takesHeapSnapshot: true, takesScreenshot: true, unexpectedAlertBehaviour: , unhandledPromptBehavior: , version: 78.0.3904.70, webStorageEnabled: true}
Session ID: 40ff66da3dd4f51459e6bcb963938836
at org.openqa.selenium.remote.ErrorHandler.createThrowable(ErrorHandler.java:214)
at org.openqa.selenium.remote.ErrorHandler.throwIfResponseFailed(ErrorHandler.java:166)
at org.openqa.selenium.remote.http.JsonHttpResponseCodec.reconstructValue(JsonHttpResponseCodec.java:40)
at org.openqa.selenium.remote.http.AbstractHttpResponseCodec.decode(AbstractHttpResponseCodec.java:80)
at org.openqa.selenium.remote.http.AbstractHttpResponseCodec.decode(AbstractHttpResponseCodec.java:44)
at org.openqa.selenium.remote.HttpCommandExecutor.execute(HttpCommandExecutor.java:160)
at org.openqa.selenium.remote.service.DriverCommandExecutor.execute(DriverCommandExecutor.java:83)
at org.openqa.selenium.remote.RemoteWebDriver.execute(RemoteWebDriver.java:601)
at org.openqa.selenium.remote.RemoteWebElement.execute(RemoteWebElement.java:279)
at org.openqa.selenium.remote.RemoteWebElement.click(RemoteWebElement.java:83)
at GT.GT.GrpTalks.clickCreateGrpButton(GrpTalks.java:799)
at GT.GT.CreateAndCallGroupTest.verifyCallFunctionalityOfTestContactsFromCreateGroupTalkPage(CreateAndCallGroupTest.java:542)
at java.util.ArrayList.forEach(Unknown Source)
... Removed 31 stack frames]]>
    </failure>
  </testcase> <!-- verifyCallFunctionalityOfTestContactsFromCreateGroupTalkPage -->
  <testcase name="verifyContactListInPhoneContacts" time="7.616" classname="GT.GT.CreateAndCallGroupTest"/>
  <testcase name="verifyCreateListFromExcelUploadOnCreateGrpPage" time="13.468" classname="GT.GT.CreateAndCallGroupTest">
    <failure type="org.openqa.selenium.NoSuchElementException" message="no such element: Unable to locate element: {&amp;quot;method&amp;quot;:&amp;quot;xpath&amp;quot;,&amp;quot;selector&amp;quot;:&amp;quot;//button[@class=&amp;quot;btn btn_head&amp;quot;]//i[@class=&amp;quot;fa fa-plus-circle pull-right margin-top-10&amp;quot; and @id=&amp;quot;createGrpTalkNew&amp;quot;]&amp;quot;}
  (Session info: chrome=78.0.3904.70)
  (Driver info: chromedriver=2.43.600210 (68dcf5eebde37173d4027fa8635e332711d2874a),platform=Windows NT 10.0.17763 x86_64) (WARNING: The server did not provide any stacktrace information)
Command duration or timeout: 0 milliseconds
For documentation on this error, please visit: http://seleniumhq.org/exceptions/no_such_element.html
Build info: version: &amp;apos;3.10.0&amp;apos;, revision: &amp;apos;176b4a9&amp;apos;, time: &amp;apos;2018-03-02T19:03:16.397Z&amp;apos;
System info: host: &amp;apos;DESKTOP-U3PMRBE&amp;apos;, ip: &amp;apos;169.254.86.53&amp;apos;, os.name: &amp;apos;Windows 10&amp;apos;, os.arch: &amp;apos;amd64&amp;apos;, os.version: &amp;apos;10.0&amp;apos;, java.version: &amp;apos;1.8.0_221&amp;apos;
Driver info: org.openqa.selenium.chrome.ChromeDriver
Capabilities {acceptInsecureCerts: false, acceptSslCerts: false, applicationCacheEnabled: false, browserConnectionEnabled: false, browserName: chrome, chrome: {chromedriverVersion: 2.43.600210 (68dcf5eebde371..., userDataDir: C:\Users\smsc\AppData\Local...}, cssSelectorsEnabled: true, databaseEnabled: false, goog:chromeOptions: {debuggerAddress: localhost:59595}, handlesAlerts: true, hasTouchScreen: false, javascriptEnabled: true, locationContextEnabled: true, mobileEmulationEnabled: false, nativeEvents: true, networkConnectionEnabled: false, pageLoadStrategy: normal, platform: XP, platformName: XP, rotatable: false, setWindowRect: true, takesHeapSnapshot: true, takesScreenshot: true, unexpectedAlertBehaviour: , unhandledPromptBehavior: , version: 78.0.3904.70, webStorageEnabled: true}
Session ID: 40ff66da3dd4f51459e6bcb963938836
*** Element info: {Using=xpath, value=//button[@class=&amp;quot;btn btn_head&amp;quot;]//i[@class=&amp;quot;fa fa-plus-circle pull-right margin-top-10&amp;quot; and @id=&amp;quot;createGrpTalkNew&amp;quot;]}">
      <![CDATA[org.openqa.selenium.NoSuchElementException: no such element: Unable to locate element: {"method":"xpath","selector":"//button[@class="btn btn_head"]//i[@class="fa fa-plus-circle pull-right margin-top-10" and @id="createGrpTalkNew"]"}
  (Session info: chrome=78.0.3904.70)
  (Driver info: chromedriver=2.43.600210 (68dcf5eebde37173d4027fa8635e332711d2874a),platform=Windows NT 10.0.17763 x86_64) (WARNING: The server did not provide any stacktrace information)
Command duration or timeout: 0 milliseconds
For documentation on this error, please visit: http://seleniumhq.org/exceptions/no_such_element.html
Build info: version: '3.10.0', revision: '176b4a9', time: '2018-03-02T19:03:16.397Z'
System info: host: 'DESKTOP-U3PMRBE', ip: '169.254.86.53', os.name: 'Windows 10', os.arch: 'amd64', os.version: '10.0', java.version: '1.8.0_221'
Driver info: org.openqa.selenium.chrome.ChromeDriver
Capabilities {acceptInsecureCerts: false, acceptSslCerts: false, applicationCacheEnabled: false, browserConnectionEnabled: false, browserName: chrome, chrome: {chromedriverVersion: 2.43.600210 (68dcf5eebde371..., userDataDir: C:\Users\smsc\AppData\Local...}, cssSelectorsEnabled: true, databaseEnabled: false, goog:chromeOptions: {debuggerAddress: localhost:59595}, handlesAlerts: true, hasTouchScreen: false, javascriptEnabled: true, locationContextEnabled: true, mobileEmulationEnabled: false, nativeEvents: true, networkConnectionEnabled: false, pageLoadStrategy: normal, platform: XP, platformName: XP, rotatable: false, setWindowRect: true, takesHeapSnapshot: true, takesScreenshot: true, unexpectedAlertBehaviour: , unhandledPromptBehavior: , version: 78.0.3904.70, webStorageEnabled: true}
Session ID: 40ff66da3dd4f51459e6bcb963938836
*** Element info: {Using=xpath, value=//button[@class="btn btn_head"]//i[@class="fa fa-plus-circle pull-right margin-top-10" and @id="createGrpTalkNew"]}
at org.openqa.selenium.remote.ErrorHandler.createThrowable(ErrorHandler.java:214)
at org.openqa.selenium.remote.ErrorHandler.throwIfResponseFailed(ErrorHandler.java:166)
at org.openqa.selenium.remote.http.JsonHttpResponseCodec.reconstructValue(JsonHttpResponseCodec.java:40)
at org.openqa.selenium.remote.http.AbstractHttpResponseCodec.decode(AbstractHttpResponseCodec.java:80)
at org.openqa.selenium.remote.http.AbstractHttpResponseCodec.decode(AbstractHttpResponseCodec.java:44)
at org.openqa.selenium.remote.HttpCommandExecutor.execute(HttpCommandExecutor.java:160)
at org.openqa.selenium.remote.service.DriverCommandExecutor.execute(DriverCommandExecutor.java:83)
at org.openqa.selenium.remote.RemoteWebDriver.execute(RemoteWebDriver.java:601)
at org.openqa.selenium.remote.RemoteWebDriver.findElement(RemoteWebDriver.java:371)
at org.openqa.selenium.remote.RemoteWebDriver.findElementByXPath(RemoteWebDriver.java:473)
at org.openqa.selenium.By$ByXPath.findElement(By.java:361)
at org.openqa.selenium.remote.RemoteWebDriver.findElement(RemoteWebDriver.java:363)
at GT.GT.CreatingGroup.clickPlusButtonToCreateNewWebList(CreatingGroup.java:550)
at GT.GT.CreateAndCallGroupTest.verifyCreateListFromExcelUploadOnCreateGrpPage(CreateAndCallGroupTest.java:986)
at java.util.ArrayList.forEach(Unknown Source)
... Removed 31 stack frames]]>
    </failure>
  </testcase> <!-- verifyCreateListFromExcelUploadOnCreateGrpPage -->
  <testcase name="verifyCreateListFromExcelUploadandphonecontacts" time="13.426" classname="GT.GT.CreateAndCallGroupTest">
    <failure type="org.openqa.selenium.NoSuchElementException" message="no such element: Unable to locate element: {&amp;quot;method&amp;quot;:&amp;quot;xpath&amp;quot;,&amp;quot;selector&amp;quot;:&amp;quot;//button[@class=&amp;quot;btn btn_head&amp;quot;]//i[@class=&amp;quot;fa fa-plus-circle pull-right margin-top-10&amp;quot; and @id=&amp;quot;createGrpTalkNew&amp;quot;]&amp;quot;}
  (Session info: chrome=78.0.3904.70)
  (Driver info: chromedriver=2.43.600210 (68dcf5eebde37173d4027fa8635e332711d2874a),platform=Windows NT 10.0.17763 x86_64) (WARNING: The server did not provide any stacktrace information)
Command duration or timeout: 0 milliseconds
For documentation on this error, please visit: http://seleniumhq.org/exceptions/no_such_element.html
Build info: version: &amp;apos;3.10.0&amp;apos;, revision: &amp;apos;176b4a9&amp;apos;, time: &amp;apos;2018-03-02T19:03:16.397Z&amp;apos;
System info: host: &amp;apos;DESKTOP-U3PMRBE&amp;apos;, ip: &amp;apos;169.254.86.53&amp;apos;, os.name: &amp;apos;Windows 10&amp;apos;, os.arch: &amp;apos;amd64&amp;apos;, os.version: &amp;apos;10.0&amp;apos;, java.version: &amp;apos;1.8.0_221&amp;apos;
Driver info: org.openqa.selenium.chrome.ChromeDriver
Capabilities {acceptInsecureCerts: false, acceptSslCerts: false, applicationCacheEnabled: false, browserConnectionEnabled: false, browserName: chrome, chrome: {chromedriverVersion: 2.43.600210 (68dcf5eebde371..., userDataDir: C:\Users\smsc\AppData\Local...}, cssSelectorsEnabled: true, databaseEnabled: false, goog:chromeOptions: {debuggerAddress: localhost:59595}, handlesAlerts: true, hasTouchScreen: false, javascriptEnabled: true, locationContextEnabled: true, mobileEmulationEnabled: false, nativeEvents: true, networkConnectionEnabled: false, pageLoadStrategy: normal, platform: XP, platformName: XP, rotatable: false, setWindowRect: true, takesHeapSnapshot: true, takesScreenshot: true, unexpectedAlertBehaviour: , unhandledPromptBehavior: , version: 78.0.3904.70, webStorageEnabled: true}
Session ID: 40ff66da3dd4f51459e6bcb963938836
*** Element info: {Using=xpath, value=//button[@class=&amp;quot;btn btn_head&amp;quot;]//i[@class=&amp;quot;fa fa-plus-circle pull-right margin-top-10&amp;quot; and @id=&amp;quot;createGrpTalkNew&amp;quot;]}">
      <![CDATA[org.openqa.selenium.NoSuchElementException: no such element: Unable to locate element: {"method":"xpath","selector":"//button[@class="btn btn_head"]//i[@class="fa fa-plus-circle pull-right margin-top-10" and @id="createGrpTalkNew"]"}
  (Session info: chrome=78.0.3904.70)
  (Driver info: chromedriver=2.43.600210 (68dcf5eebde37173d4027fa8635e332711d2874a),platform=Windows NT 10.0.17763 x86_64) (WARNING: The server did not provide any stacktrace information)
Command duration or timeout: 0 milliseconds
For documentation on this error, please visit: http://seleniumhq.org/exceptions/no_such_element.html
Build info: version: '3.10.0', revision: '176b4a9', time: '2018-03-02T19:03:16.397Z'
System info: host: 'DESKTOP-U3PMRBE', ip: '169.254.86.53', os.name: 'Windows 10', os.arch: 'amd64', os.version: '10.0', java.version: '1.8.0_221'
Driver info: org.openqa.selenium.chrome.ChromeDriver
Capabilities {acceptInsecureCerts: false, acceptSslCerts: false, applicationCacheEnabled: false, browserConnectionEnabled: false, browserName: chrome, chrome: {chromedriverVersion: 2.43.600210 (68dcf5eebde371..., userDataDir: C:\Users\smsc\AppData\Local...}, cssSelectorsEnabled: true, databaseEnabled: false, goog:chromeOptions: {debuggerAddress: localhost:59595}, handlesAlerts: true, hasTouchScreen: false, javascriptEnabled: true, locationContextEnabled: true, mobileEmulationEnabled: false, nativeEvents: true, networkConnectionEnabled: false, pageLoadStrategy: normal, platform: XP, platformName: XP, rotatable: false, setWindowRect: true, takesHeapSnapshot: true, takesScreenshot: true, unexpectedAlertBehaviour: , unhandledPromptBehavior: , version: 78.0.3904.70, webStorageEnabled: true}
Session ID: 40ff66da3dd4f51459e6bcb963938836
*** Element info: {Using=xpath, value=//button[@class="btn btn_head"]//i[@class="fa fa-plus-circle pull-right margin-top-10" and @id="createGrpTalkNew"]}
at org.openqa.selenium.remote.ErrorHandler.createThrowable(ErrorHandler.java:214)
at org.openqa.selenium.remote.ErrorHandler.throwIfResponseFailed(ErrorHandler.java:166)
at org.openqa.selenium.remote.http.JsonHttpResponseCodec.reconstructValue(JsonHttpResponseCodec.java:40)
at org.openqa.selenium.remote.http.AbstractHttpResponseCodec.decode(AbstractHttpResponseCodec.java:80)
at org.openqa.selenium.remote.http.AbstractHttpResponseCodec.decode(AbstractHttpResponseCodec.java:44)
at org.openqa.selenium.remote.HttpCommandExecutor.execute(HttpCommandExecutor.java:160)
at org.openqa.selenium.remote.service.DriverCommandExecutor.execute(DriverCommandExecutor.java:83)
at org.openqa.selenium.remote.RemoteWebDriver.execute(RemoteWebDriver.java:601)
at org.openqa.selenium.remote.RemoteWebDriver.findElement(RemoteWebDriver.java:371)
at org.openqa.selenium.remote.RemoteWebDriver.findElementByXPath(RemoteWebDriver.java:473)
at org.openqa.selenium.By$ByXPath.findElement(By.java:361)
at org.openqa.selenium.remote.RemoteWebDriver.findElement(RemoteWebDriver.java:363)
at GT.GT.CreatingGroup.clickPlusButtonToCreateNewWebList(CreatingGroup.java:550)
at GT.GT.CreateAndCallGroupTest.verifyCreateListFromExcelUploadandphonecontacts(CreateAndCallGroupTest.java:3907)
at java.util.ArrayList.forEach(Unknown Source)
... Removed 31 stack frames]]>
    </failure>
  </testcase> <!-- verifyCreateListFromExcelUploadandphonecontacts -->
  <testcase name="verifyDialFunctionalityOfScheduleGroup" time="172.26" classname="GT.GT.CreateAndCallGroupTest">
    <failure type="org.openqa.selenium.TimeoutException" message="Expected condition failed: waiting for visibility of element located by By.xpath: //span[@class=&amp;quot;oncall-bg bgGreen pull-right mr-2&amp;quot;]//span[@class=&amp;quot;oncall-text text-left&amp;quot; and text()=&amp;quot;ON CALL&amp;quot;] (tried for 20 second(s) with 500 milliseconds interval)">
      <![CDATA[org.openqa.selenium.TimeoutException: Expected condition failed: waiting for visibility of element located by By.xpath: //span[@class="oncall-bg bgGreen pull-right mr-2"]//span[@class="oncall-text text-left" and text()="ON CALL"] (tried for 20 second(s) with 500 milliseconds interval)
at org.openqa.selenium.support.ui.WebDriverWait.timeoutException(WebDriverWait.java:82)
at org.openqa.selenium.support.ui.FluentWait.until(FluentWait.java:272)
at utility.CommonMethods.explicitWaitForElementVisibility(CommonMethods.java:165)
at GT.GT.GrpTalks.verifyLiveCallState(GrpTalks.java:1009)
at GT.GT.CreateAndCallGroupTest.verifyDialFunctionalityOfScheduleGroup(CreateAndCallGroupTest.java:3555)
at java.util.ArrayList.forEach(Unknown Source)
Caused by: org.openqa.selenium.NoSuchElementException: Cannot locate an element using By.xpath: //span[@class="oncall-bg bgGreen pull-right mr-2"]//span[@class="oncall-text text-left" and text()="ON CALL"]
For documentation on this error, please visit: http://seleniumhq.org/exceptions/no_such_element.html
Build info: version: '3.10.0', revision: '176b4a9', time: '2018-03-02T19:03:16.397Z'
System info: host: 'DESKTOP-U3PMRBE', ip: '169.254.86.53', os.name: 'Windows 10', os.arch: 'amd64', os.version: '10.0', java.version: '1.8.0_221'
Driver info: driver.version: unknown
at org.openqa.selenium.support.ui.ExpectedConditions.lambda$findElement$0(ExpectedConditions.java:896)
at java.util.Optional.orElseThrow(Unknown Source)
at org.openqa.selenium.support.ui.ExpectedConditions.findElement(ExpectedConditions.java:895)
at org.openqa.selenium.support.ui.ExpectedConditions.access$000(ExpectedConditions.java:44)
at org.openqa.selenium.support.ui.ExpectedConditions$7.apply(ExpectedConditions.java:206)
at org.openqa.selenium.support.ui.ExpectedConditions$7.apply(ExpectedConditions.java:202)
at org.openqa.selenium.support.ui.FluentWait.until(FluentWait.java:249)
... 31 more
... Removed 27 stack frames]]>
    </failure>
  </testcase> <!-- verifyDialFunctionalityOfScheduleGroup -->
  <testcase name="verifyErrorMessageWhenJunkDataGivenInSearchBox" time="0.044" classname="GT.GT.CreateAndCallGroupTest">
    <failure type="org.openqa.selenium.WebDriverException" message="unknown error: Element &amp;lt;i id=&amp;quot;createGrpTalkNew&amp;quot; class=&amp;quot;fa fa-plus-circle pull-right margin-top-10&amp;quot;&amp;gt;&amp;lt;/i&amp;gt; is not clickable at point (289, 110). Other element would receive the click: &amp;lt;div class=&amp;quot;blockUI blockOverlay&amp;quot; style=&amp;quot;z-index: 1000; border: none; margin: 0px; padding: 0px; width: 100%; height: 100%; top: 0px; left: 0px; background-color: rgb(0, 0, 0); cursor: default; position: fixed; opacity: 0.3376;&amp;quot;&amp;gt;&amp;lt;/div&amp;gt;
  (Session info: chrome=78.0.3904.70)
  (Driver info: chromedriver=2.43.600210 (68dcf5eebde37173d4027fa8635e332711d2874a),platform=Windows NT 10.0.17763 x86_64) (WARNING: The server did not provide any stacktrace information)
Command duration or timeout: 0 milliseconds
Build info: version: &amp;apos;3.10.0&amp;apos;, revision: &amp;apos;176b4a9&amp;apos;, time: &amp;apos;2018-03-02T19:03:16.397Z&amp;apos;
System info: host: &amp;apos;DESKTOP-U3PMRBE&amp;apos;, ip: &amp;apos;169.254.86.53&amp;apos;, os.name: &amp;apos;Windows 10&amp;apos;, os.arch: &amp;apos;amd64&amp;apos;, os.version: &amp;apos;10.0&amp;apos;, java.version: &amp;apos;1.8.0_221&amp;apos;
Driver info: org.openqa.selenium.chrome.ChromeDriver
Capabilities {acceptInsecureCerts: false, acceptSslCerts: false, applicationCacheEnabled: false, browserConnectionEnabled: false, browserName: chrome, chrome: {chromedriverVersion: 2.43.600210 (68dcf5eebde371..., userDataDir: C:\Users\smsc\AppData\Local...}, cssSelectorsEnabled: true, databaseEnabled: false, goog:chromeOptions: {debuggerAddress: localhost:59595}, handlesAlerts: true, hasTouchScreen: false, javascriptEnabled: true, locationContextEnabled: true, mobileEmulationEnabled: false, nativeEvents: true, networkConnectionEnabled: false, pageLoadStrategy: normal, platform: XP, platformName: XP, rotatable: false, setWindowRect: true, takesHeapSnapshot: true, takesScreenshot: true, unexpectedAlertBehaviour: , unhandledPromptBehavior: , version: 78.0.3904.70, webStorageEnabled: true}
Session ID: 40ff66da3dd4f51459e6bcb963938836">
      <![CDATA[org.openqa.selenium.WebDriverException: unknown error: Element <i id="createGrpTalkNew" class="fa fa-plus-circle pull-right margin-top-10"></i> is not clickable at point (289, 110). Other element would receive the click: <div class="blockUI blockOverlay" style="z-index: 1000; border: none; margin: 0px; padding: 0px; width: 100%; height: 100%; top: 0px; left: 0px; background-color: rgb(0, 0, 0); cursor: default; position: fixed; opacity: 0.3376;"></div>
  (Session info: chrome=78.0.3904.70)
  (Driver info: chromedriver=2.43.600210 (68dcf5eebde37173d4027fa8635e332711d2874a),platform=Windows NT 10.0.17763 x86_64) (WARNING: The server did not provide any stacktrace information)
Command duration or timeout: 0 milliseconds
Build info: version: '3.10.0', revision: '176b4a9', time: '2018-03-02T19:03:16.397Z'
System info: host: 'DESKTOP-U3PMRBE', ip: '169.254.86.53', os.name: 'Windows 10', os.arch: 'amd64', os.version: '10.0', java.version: '1.8.0_221'
Driver info: org.openqa.selenium.chrome.ChromeDriver
Capabilities {acceptInsecureCerts: false, acceptSslCerts: false, applicationCacheEnabled: false, browserConnectionEnabled: false, browserName: chrome, chrome: {chromedriverVersion: 2.43.600210 (68dcf5eebde371..., userDataDir: C:\Users\smsc\AppData\Local...}, cssSelectorsEnabled: true, databaseEnabled: false, goog:chromeOptions: {debuggerAddress: localhost:59595}, handlesAlerts: true, hasTouchScreen: false, javascriptEnabled: true, locationContextEnabled: true, mobileEmulationEnabled: false, nativeEvents: true, networkConnectionEnabled: false, pageLoadStrategy: normal, platform: XP, platformName: XP, rotatable: false, setWindowRect: true, takesHeapSnapshot: true, takesScreenshot: true, unexpectedAlertBehaviour: , unhandledPromptBehavior: , version: 78.0.3904.70, webStorageEnabled: true}
Session ID: 40ff66da3dd4f51459e6bcb963938836
at org.openqa.selenium.remote.ErrorHandler.createThrowable(ErrorHandler.java:214)
at org.openqa.selenium.remote.ErrorHandler.throwIfResponseFailed(ErrorHandler.java:166)
at org.openqa.selenium.remote.http.JsonHttpResponseCodec.reconstructValue(JsonHttpResponseCodec.java:40)
at org.openqa.selenium.remote.http.AbstractHttpResponseCodec.decode(AbstractHttpResponseCodec.java:80)
at org.openqa.selenium.remote.http.AbstractHttpResponseCodec.decode(AbstractHttpResponseCodec.java:44)
at org.openqa.selenium.remote.HttpCommandExecutor.execute(HttpCommandExecutor.java:160)
at org.openqa.selenium.remote.service.DriverCommandExecutor.execute(DriverCommandExecutor.java:83)
at org.openqa.selenium.remote.RemoteWebDriver.execute(RemoteWebDriver.java:601)
at org.openqa.selenium.remote.RemoteWebElement.execute(RemoteWebElement.java:279)
at org.openqa.selenium.remote.RemoteWebElement.click(RemoteWebElement.java:83)
at utility.CommonMethods.clickMethod(CommonMethods.java:35)
at GT.GT.CreateAndCallGroupTest.verifyErrorMessageWhenJunkDataGivenInSearchBox(CreateAndCallGroupTest.java:336)
at java.util.ArrayList.forEach(Unknown Source)
... Removed 31 stack frames]]>
    </failure>
  </testcase> <!-- verifyErrorMessageWhenJunkDataGivenInSearchBox -->
  <testcase name="verifyErrorMsgWhenWeSubmitStartNowButtonWithOutSelectingAnyPhoneContacts" time="7.478" classname="GT.GT.CreateAndCallGroupTest"/>
  <testcase name="verifyFooterTextDisplayedOnMyGrpTalksPage" time="0.039" classname="GT.GT.CreateAndCallGroupTest"/>
  <testcase name="verifyHeaderTabsAndLogosDisplayedOnGrpTalksPage" time="5.169" classname="GT.GT.CreateAndCallGroupTest"/>
  <testcase name="verifyHistoryOfGroup" time="14.743" classname="GT.GT.CreateAndCallGroupTest"/>
  <testcase name="verifyMuteAndUnmuteFunctionalityInLiveCallWhenParticipantsAreInPrivateRoom" time="29.425" classname="GT.GT.CreateAndCallGroupTest">
    <failure type="java.lang.AssertionError" message="expected [3] but found [0]">
      <![CDATA[java.lang.AssertionError: expected [3] but found [0]
at GT.GT.CreateAndCallGroupTest.verifyMuteAndUnmuteFunctionalityInLiveCallWhenParticipantsAreInPrivateRoom(CreateAndCallGroupTest.java:2763)
at java.util.ArrayList.forEach(Unknown Source)
... Removed 32 stack frames]]>
    </failure>
  </testcase> <!-- verifyMuteAndUnmuteFunctionalityInLiveCallWhenParticipantsAreInPrivateRoom -->
  <testcase name="verifyMuteCallFunctionalityFromCreateGroupTalkPageByCreatingNewGroup" time="68.228" classname="GT.GT.CreateAndCallGroupTest">
    <failure type="org.openqa.selenium.NoSuchElementException" message="no such element: Unable to locate element: {&amp;quot;method&amp;quot;:&amp;quot;xpath&amp;quot;,&amp;quot;selector&amp;quot;:&amp;quot;//*[@class=&amp;apos;singleMuteUnMute&amp;apos;]//*[@src=&amp;apos;images/UnMuteNew.png&amp;apos;]&amp;quot;}
  (Session info: chrome=78.0.3904.70)
  (Driver info: chromedriver=2.43.600210 (68dcf5eebde37173d4027fa8635e332711d2874a),platform=Windows NT 10.0.17763 x86_64) (WARNING: The server did not provide any stacktrace information)
Command duration or timeout: 0 milliseconds
For documentation on this error, please visit: http://seleniumhq.org/exceptions/no_such_element.html
Build info: version: &amp;apos;3.10.0&amp;apos;, revision: &amp;apos;176b4a9&amp;apos;, time: &amp;apos;2018-03-02T19:03:16.397Z&amp;apos;
System info: host: &amp;apos;DESKTOP-U3PMRBE&amp;apos;, ip: &amp;apos;169.254.86.53&amp;apos;, os.name: &amp;apos;Windows 10&amp;apos;, os.arch: &amp;apos;amd64&amp;apos;, os.version: &amp;apos;10.0&amp;apos;, java.version: &amp;apos;1.8.0_221&amp;apos;
Driver info: org.openqa.selenium.chrome.ChromeDriver
Capabilities {acceptInsecureCerts: false, acceptSslCerts: false, applicationCacheEnabled: false, browserConnectionEnabled: false, browserName: chrome, chrome: {chromedriverVersion: 2.43.600210 (68dcf5eebde371..., userDataDir: C:\Users\smsc\AppData\Local...}, cssSelectorsEnabled: true, databaseEnabled: false, goog:chromeOptions: {debuggerAddress: localhost:59595}, handlesAlerts: true, hasTouchScreen: false, javascriptEnabled: true, locationContextEnabled: true, mobileEmulationEnabled: false, nativeEvents: true, networkConnectionEnabled: false, pageLoadStrategy: normal, platform: XP, platformName: XP, rotatable: false, setWindowRect: true, takesHeapSnapshot: true, takesScreenshot: true, unexpectedAlertBehaviour: , unhandledPromptBehavior: , version: 78.0.3904.70, webStorageEnabled: true}
Session ID: 40ff66da3dd4f51459e6bcb963938836
*** Element info: {Using=xpath, value=//*[@class=&amp;apos;singleMuteUnMute&amp;apos;]//*[@src=&amp;apos;images/UnMuteNew.png&amp;apos;]}">
      <![CDATA[org.openqa.selenium.NoSuchElementException: no such element: Unable to locate element: {"method":"xpath","selector":"//*[@class='singleMuteUnMute']//*[@src='images/UnMuteNew.png']"}
  (Session info: chrome=78.0.3904.70)
  (Driver info: chromedriver=2.43.600210 (68dcf5eebde37173d4027fa8635e332711d2874a),platform=Windows NT 10.0.17763 x86_64) (WARNING: The server did not provide any stacktrace information)
Command duration or timeout: 0 milliseconds
For documentation on this error, please visit: http://seleniumhq.org/exceptions/no_such_element.html
Build info: version: '3.10.0', revision: '176b4a9', time: '2018-03-02T19:03:16.397Z'
System info: host: 'DESKTOP-U3PMRBE', ip: '169.254.86.53', os.name: 'Windows 10', os.arch: 'amd64', os.version: '10.0', java.version: '1.8.0_221'
Driver info: org.openqa.selenium.chrome.ChromeDriver
Capabilities {acceptInsecureCerts: false, acceptSslCerts: false, applicationCacheEnabled: false, browserConnectionEnabled: false, browserName: chrome, chrome: {chromedriverVersion: 2.43.600210 (68dcf5eebde371..., userDataDir: C:\Users\smsc\AppData\Local...}, cssSelectorsEnabled: true, databaseEnabled: false, goog:chromeOptions: {debuggerAddress: localhost:59595}, handlesAlerts: true, hasTouchScreen: false, javascriptEnabled: true, locationContextEnabled: true, mobileEmulationEnabled: false, nativeEvents: true, networkConnectionEnabled: false, pageLoadStrategy: normal, platform: XP, platformName: XP, rotatable: false, setWindowRect: true, takesHeapSnapshot: true, takesScreenshot: true, unexpectedAlertBehaviour: , unhandledPromptBehavior: , version: 78.0.3904.70, webStorageEnabled: true}
Session ID: 40ff66da3dd4f51459e6bcb963938836
*** Element info: {Using=xpath, value=//*[@class='singleMuteUnMute']//*[@src='images/UnMuteNew.png']}
at org.openqa.selenium.remote.ErrorHandler.createThrowable(ErrorHandler.java:214)
at org.openqa.selenium.remote.ErrorHandler.throwIfResponseFailed(ErrorHandler.java:166)
at org.openqa.selenium.remote.http.JsonHttpResponseCodec.reconstructValue(JsonHttpResponseCodec.java:40)
at org.openqa.selenium.remote.http.AbstractHttpResponseCodec.decode(AbstractHttpResponseCodec.java:80)
at org.openqa.selenium.remote.http.AbstractHttpResponseCodec.decode(AbstractHttpResponseCodec.java:44)
at org.openqa.selenium.remote.HttpCommandExecutor.execute(HttpCommandExecutor.java:160)
at org.openqa.selenium.remote.service.DriverCommandExecutor.execute(DriverCommandExecutor.java:83)
at org.openqa.selenium.remote.RemoteWebDriver.execute(RemoteWebDriver.java:601)
at org.openqa.selenium.remote.RemoteWebDriver.findElement(RemoteWebDriver.java:371)
at org.openqa.selenium.remote.RemoteWebDriver.findElementByXPath(RemoteWebDriver.java:473)
at org.openqa.selenium.By$ByXPath.findElement(By.java:361)
at org.openqa.selenium.remote.RemoteWebDriver.findElement(RemoteWebDriver.java:363)
at GT.GT.GrpTalks.visibilityOfIndividualUserMuteButtomInGrpCall(GrpTalks.java:1237)
at GT.GT.CreateAndCallGroupTest.verifyMuteCallFunctionalityFromCreateGroupTalkPageByCreatingNewGroup(CreateAndCallGroupTest.java:1143)
at java.util.ArrayList.forEach(Unknown Source)
... Removed 31 stack frames]]>
    </failure>
  </testcase> <!-- verifyMuteCallFunctionalityFromCreateGroupTalkPageByCreatingNewGroup -->
  <testcase name="verifyPrivateRoomFuntionalityInLiveCall" time="1.047" classname="GT.GT.CreateAndCallGroupTest">
    <failure type="org.openqa.selenium.WebDriverException" message="unknown error: Element &amp;lt;i id=&amp;quot;createGrpTalkNew&amp;quot; class=&amp;quot;fa fa-plus-circle pull-right margin-top-10&amp;quot;&amp;gt;&amp;lt;/i&amp;gt; is not clickable at point (289, 110). Other element would receive the click: &amp;lt;div class=&amp;quot;blockUI blockOverlay&amp;quot; style=&amp;quot;z-index: 1000; border: none; margin: 0px; padding: 0px; width: 100%; height: 100%; top: 0px; left: 0px; background-color: rgb(0, 0, 0); cursor: default; position: fixed; opacity: 0.414805;&amp;quot;&amp;gt;&amp;lt;/div&amp;gt;
  (Session info: chrome=78.0.3904.70)
  (Driver info: chromedriver=2.43.600210 (68dcf5eebde37173d4027fa8635e332711d2874a),platform=Windows NT 10.0.17763 x86_64) (WARNING: The server did not provide any stacktrace information)
Command duration or timeout: 0 milliseconds
Build info: version: &amp;apos;3.10.0&amp;apos;, revision: &amp;apos;176b4a9&amp;apos;, time: &amp;apos;2018-03-02T19:03:16.397Z&amp;apos;
System info: host: &amp;apos;DESKTOP-U3PMRBE&amp;apos;, ip: &amp;apos;169.254.86.53&amp;apos;, os.name: &amp;apos;Windows 10&amp;apos;, os.arch: &amp;apos;amd64&amp;apos;, os.version: &amp;apos;10.0&amp;apos;, java.version: &amp;apos;1.8.0_221&amp;apos;
Driver info: org.openqa.selenium.chrome.ChromeDriver
Capabilities {acceptInsecureCerts: false, acceptSslCerts: false, applicationCacheEnabled: false, browserConnectionEnabled: false, browserName: chrome, chrome: {chromedriverVersion: 2.43.600210 (68dcf5eebde371..., userDataDir: C:\Users\smsc\AppData\Local...}, cssSelectorsEnabled: true, databaseEnabled: false, goog:chromeOptions: {debuggerAddress: localhost:59595}, handlesAlerts: true, hasTouchScreen: false, javascriptEnabled: true, locationContextEnabled: true, mobileEmulationEnabled: false, nativeEvents: true, networkConnectionEnabled: false, pageLoadStrategy: normal, platform: XP, platformName: XP, rotatable: false, setWindowRect: true, takesHeapSnapshot: true, takesScreenshot: true, unexpectedAlertBehaviour: , unhandledPromptBehavior: , version: 78.0.3904.70, webStorageEnabled: true}
Session ID: 40ff66da3dd4f51459e6bcb963938836">
      <![CDATA[org.openqa.selenium.WebDriverException: unknown error: Element <i id="createGrpTalkNew" class="fa fa-plus-circle pull-right margin-top-10"></i> is not clickable at point (289, 110). Other element would receive the click: <div class="blockUI blockOverlay" style="z-index: 1000; border: none; margin: 0px; padding: 0px; width: 100%; height: 100%; top: 0px; left: 0px; background-color: rgb(0, 0, 0); cursor: default; position: fixed; opacity: 0.414805;"></div>
  (Session info: chrome=78.0.3904.70)
  (Driver info: chromedriver=2.43.600210 (68dcf5eebde37173d4027fa8635e332711d2874a),platform=Windows NT 10.0.17763 x86_64) (WARNING: The server did not provide any stacktrace information)
Command duration or timeout: 0 milliseconds
Build info: version: '3.10.0', revision: '176b4a9', time: '2018-03-02T19:03:16.397Z'
System info: host: 'DESKTOP-U3PMRBE', ip: '169.254.86.53', os.name: 'Windows 10', os.arch: 'amd64', os.version: '10.0', java.version: '1.8.0_221'
Driver info: org.openqa.selenium.chrome.ChromeDriver
Capabilities {acceptInsecureCerts: false, acceptSslCerts: false, applicationCacheEnabled: false, browserConnectionEnabled: false, browserName: chrome, chrome: {chromedriverVersion: 2.43.600210 (68dcf5eebde371..., userDataDir: C:\Users\smsc\AppData\Local...}, cssSelectorsEnabled: true, databaseEnabled: false, goog:chromeOptions: {debuggerAddress: localhost:59595}, handlesAlerts: true, hasTouchScreen: false, javascriptEnabled: true, locationContextEnabled: true, mobileEmulationEnabled: false, nativeEvents: true, networkConnectionEnabled: false, pageLoadStrategy: normal, platform: XP, platformName: XP, rotatable: false, setWindowRect: true, takesHeapSnapshot: true, takesScreenshot: true, unexpectedAlertBehaviour: , unhandledPromptBehavior: , version: 78.0.3904.70, webStorageEnabled: true}
Session ID: 40ff66da3dd4f51459e6bcb963938836
at org.openqa.selenium.remote.ErrorHandler.createThrowable(ErrorHandler.java:214)
at org.openqa.selenium.remote.ErrorHandler.throwIfResponseFailed(ErrorHandler.java:166)
at org.openqa.selenium.remote.http.JsonHttpResponseCodec.reconstructValue(JsonHttpResponseCodec.java:40)
at org.openqa.selenium.remote.http.AbstractHttpResponseCodec.decode(AbstractHttpResponseCodec.java:80)
at org.openqa.selenium.remote.http.AbstractHttpResponseCodec.decode(AbstractHttpResponseCodec.java:44)
at org.openqa.selenium.remote.HttpCommandExecutor.execute(HttpCommandExecutor.java:160)
at org.openqa.selenium.remote.service.DriverCommandExecutor.execute(DriverCommandExecutor.java:83)
at org.openqa.selenium.remote.RemoteWebDriver.execute(RemoteWebDriver.java:601)
at org.openqa.selenium.remote.RemoteWebElement.execute(RemoteWebElement.java:279)
at org.openqa.selenium.remote.RemoteWebElement.click(RemoteWebElement.java:83)
at GT.GT.CreatingGroup.createAndCallTheGrp(CreatingGroup.java:210)
at GT.GT.CreateAndCallGroupTest.verifyPrivateRoomFuntionalityInLiveCall(CreateAndCallGroupTest.java:2643)
at java.util.ArrayList.forEach(Unknown Source)
... Removed 31 stack frames]]>
    </failure>
  </testcase> <!-- verifyPrivateRoomFuntionalityInLiveCall -->
  <testcase name="verifyQuickDialButtonFunctionalityofGroupsInMyGrpTalk" time="7.308" classname="GT.GT.CreateAndCallGroupTest"/>
  <testcase name="verifyRetryCallFunctionality" time="80.267" classname="GT.GT.CreateAndCallGroupTest">
    <failure type="org.openqa.selenium.NoSuchElementException" message="no such element: Unable to locate element: {&amp;quot;method&amp;quot;:&amp;quot;xpath&amp;quot;,&amp;quot;selector&amp;quot;:&amp;quot;//*[@id=&amp;apos;919550866282&amp;apos;]//*[@class=&amp;apos;oncall-bg bgYellow pull-right mr-2&amp;apos;]//*[@class=&amp;apos;oncall-text text-left&amp;apos;]&amp;quot;}
  (Session info: chrome=78.0.3904.70)
  (Driver info: chromedriver=2.43.600210 (68dcf5eebde37173d4027fa8635e332711d2874a),platform=Windows NT 10.0.17763 x86_64) (WARNING: The server did not provide any stacktrace information)
Command duration or timeout: 0 milliseconds
For documentation on this error, please visit: http://seleniumhq.org/exceptions/no_such_element.html
Build info: version: &amp;apos;3.10.0&amp;apos;, revision: &amp;apos;176b4a9&amp;apos;, time: &amp;apos;2018-03-02T19:03:16.397Z&amp;apos;
System info: host: &amp;apos;DESKTOP-U3PMRBE&amp;apos;, ip: &amp;apos;169.254.86.53&amp;apos;, os.name: &amp;apos;Windows 10&amp;apos;, os.arch: &amp;apos;amd64&amp;apos;, os.version: &amp;apos;10.0&amp;apos;, java.version: &amp;apos;1.8.0_221&amp;apos;
Driver info: org.openqa.selenium.chrome.ChromeDriver
Capabilities {acceptInsecureCerts: false, acceptSslCerts: false, applicationCacheEnabled: false, browserConnectionEnabled: false, browserName: chrome, chrome: {chromedriverVersion: 2.43.600210 (68dcf5eebde371..., userDataDir: C:\Users\smsc\AppData\Local...}, cssSelectorsEnabled: true, databaseEnabled: false, goog:chromeOptions: {debuggerAddress: localhost:59595}, handlesAlerts: true, hasTouchScreen: false, javascriptEnabled: true, locationContextEnabled: true, mobileEmulationEnabled: false, nativeEvents: true, networkConnectionEnabled: false, pageLoadStrategy: normal, platform: XP, platformName: XP, rotatable: false, setWindowRect: true, takesHeapSnapshot: true, takesScreenshot: true, unexpectedAlertBehaviour: , unhandledPromptBehavior: , version: 78.0.3904.70, webStorageEnabled: true}
Session ID: 40ff66da3dd4f51459e6bcb963938836
*** Element info: {Using=xpath, value=//*[@id=&amp;apos;919550866282&amp;apos;]//*[@class=&amp;apos;oncall-bg bgYellow pull-right mr-2&amp;apos;]//*[@class=&amp;apos;oncall-text text-left&amp;apos;]}">
      <![CDATA[org.openqa.selenium.NoSuchElementException: no such element: Unable to locate element: {"method":"xpath","selector":"//*[@id='919550866282']//*[@class='oncall-bg bgYellow pull-right mr-2']//*[@class='oncall-text text-left']"}
  (Session info: chrome=78.0.3904.70)
  (Driver info: chromedriver=2.43.600210 (68dcf5eebde37173d4027fa8635e332711d2874a),platform=Windows NT 10.0.17763 x86_64) (WARNING: The server did not provide any stacktrace information)
Command duration or timeout: 0 milliseconds
For documentation on this error, please visit: http://seleniumhq.org/exceptions/no_such_element.html
Build info: version: '3.10.0', revision: '176b4a9', time: '2018-03-02T19:03:16.397Z'
System info: host: 'DESKTOP-U3PMRBE', ip: '169.254.86.53', os.name: 'Windows 10', os.arch: 'amd64', os.version: '10.0', java.version: '1.8.0_221'
Driver info: org.openqa.selenium.chrome.ChromeDriver
Capabilities {acceptInsecureCerts: false, acceptSslCerts: false, applicationCacheEnabled: false, browserConnectionEnabled: false, browserName: chrome, chrome: {chromedriverVersion: 2.43.600210 (68dcf5eebde371..., userDataDir: C:\Users\smsc\AppData\Local...}, cssSelectorsEnabled: true, databaseEnabled: false, goog:chromeOptions: {debuggerAddress: localhost:59595}, handlesAlerts: true, hasTouchScreen: false, javascriptEnabled: true, locationContextEnabled: true, mobileEmulationEnabled: false, nativeEvents: true, networkConnectionEnabled: false, pageLoadStrategy: normal, platform: XP, platformName: XP, rotatable: false, setWindowRect: true, takesHeapSnapshot: true, takesScreenshot: true, unexpectedAlertBehaviour: , unhandledPromptBehavior: , version: 78.0.3904.70, webStorageEnabled: true}
Session ID: 40ff66da3dd4f51459e6bcb963938836
*** Element info: {Using=xpath, value=//*[@id='919550866282']//*[@class='oncall-bg bgYellow pull-right mr-2']//*[@class='oncall-text text-left']}
at org.openqa.selenium.remote.ErrorHandler.createThrowable(ErrorHandler.java:214)
at org.openqa.selenium.remote.ErrorHandler.throwIfResponseFailed(ErrorHandler.java:166)
at org.openqa.selenium.remote.http.JsonHttpResponseCodec.reconstructValue(JsonHttpResponseCodec.java:40)
at org.openqa.selenium.remote.http.AbstractHttpResponseCodec.decode(AbstractHttpResponseCodec.java:80)
at org.openqa.selenium.remote.http.AbstractHttpResponseCodec.decode(AbstractHttpResponseCodec.java:44)
at org.openqa.selenium.remote.HttpCommandExecutor.execute(HttpCommandExecutor.java:160)
at org.openqa.selenium.remote.service.DriverCommandExecutor.execute(DriverCommandExecutor.java:83)
at org.openqa.selenium.remote.RemoteWebDriver.execute(RemoteWebDriver.java:601)
at org.openqa.selenium.remote.RemoteWebDriver.findElement(RemoteWebDriver.java:371)
at org.openqa.selenium.remote.RemoteWebDriver.findElementByXPath(RemoteWebDriver.java:473)
at org.openqa.selenium.By$ByXPath.findElement(By.java:361)
at org.openqa.selenium.remote.RemoteWebDriver.findElement(RemoteWebDriver.java:363)
at GT.GT.GrpTalks.redialingSymbol(GrpTalks.java:246)
at GT.GT.CreateAndCallGroupTest.verifyRetryCallFunctionality(CreateAndCallGroupTest.java:2474)
at java.util.ArrayList.forEach(Unknown Source)
... Removed 31 stack frames]]>
    </failure>
  </testcase> <!-- verifyRetryCallFunctionality -->
  <testcase name="verifySaveGroupWithNormalAndMuteClips" time="42.541" classname="GT.GT.CreateAndCallGroupTest"/>
  <testcase name="verifyScheduleGrpTalk" time="25.088" classname="GT.GT.CreateAndCallGroupTest"/>
  <testcase name="verifySearchOptionWithfullValidUserName" time="10.456" classname="GT.GT.CreateAndCallGroupTest"/>
  <testcase name="verifySelectContactFromContactList" time="7.702" classname="GT.GT.CreateAndCallGroupTest"/>
  <testcase name="verify_list_Of_Group_Users_On_MyGrpTalk_Page" time="21.119" classname="GT.GT.CreateAndCallGroupTest"/>
  <testcase name="verifyfunctionalityOfExcelReportDownloadOptionOnHistory" time="3.37" classname="GT.GT.CreateAndCallGroupTest">
    <failure type="org.openqa.selenium.WebDriverException" message="unknown error: Element &amp;lt;a id=&amp;quot;btnDownlodHistory&amp;quot; batchid=&amp;quot;C0057F59838B4D5E9C5D472EB878AAB8&amp;quot; href=&amp;quot;javascript:void(0);&amp;quot; title=&amp;quot;Download Excel Report&amp;quot; style=&amp;quot;position:absolute;top:-4px;right:5px;z-index:99;&amp;quot;&amp;gt;...&amp;lt;/a&amp;gt; is not clickable at point (1277, 267). Other element would receive the click: &amp;lt;div class=&amp;quot;blockUI blockOverlay&amp;quot; style=&amp;quot;z-index: 1000; border: none; margin: 0px; padding: 0px; width: 100%; height: 100%; top: 0px; left: 0px; background-color: rgb(0, 0, 0); cursor: default; position: fixed; opacity: 0;&amp;quot;&amp;gt;&amp;lt;/div&amp;gt;
  (Session info: chrome=78.0.3904.70)
  (Driver info: chromedriver=2.43.600210 (68dcf5eebde37173d4027fa8635e332711d2874a),platform=Windows NT 10.0.17763 x86_64) (WARNING: The server did not provide any stacktrace information)
Command duration or timeout: 0 milliseconds
Build info: version: &amp;apos;3.10.0&amp;apos;, revision: &amp;apos;176b4a9&amp;apos;, time: &amp;apos;2018-03-02T19:03:16.397Z&amp;apos;
System info: host: &amp;apos;DESKTOP-U3PMRBE&amp;apos;, ip: &amp;apos;169.254.86.53&amp;apos;, os.name: &amp;apos;Windows 10&amp;apos;, os.arch: &amp;apos;amd64&amp;apos;, os.version: &amp;apos;10.0&amp;apos;, java.version: &amp;apos;1.8.0_221&amp;apos;
Driver info: org.openqa.selenium.chrome.ChromeDriver
Capabilities {acceptInsecureCerts: false, acceptSslCerts: false, applicationCacheEnabled: false, browserConnectionEnabled: false, browserName: chrome, chrome: {chromedriverVersion: 2.43.600210 (68dcf5eebde371..., userDataDir: C:\Users\smsc\AppData\Local...}, cssSelectorsEnabled: true, databaseEnabled: false, goog:chromeOptions: {debuggerAddress: localhost:59595}, handlesAlerts: true, hasTouchScreen: false, javascriptEnabled: true, locationContextEnabled: true, mobileEmulationEnabled: false, nativeEvents: true, networkConnectionEnabled: false, pageLoadStrategy: normal, platform: XP, platformName: XP, rotatable: false, setWindowRect: true, takesHeapSnapshot: true, takesScreenshot: true, unexpectedAlertBehaviour: , unhandledPromptBehavior: , version: 78.0.3904.70, webStorageEnabled: true}
Session ID: 40ff66da3dd4f51459e6bcb963938836">
      <![CDATA[org.openqa.selenium.WebDriverException: unknown error: Element <a id="btnDownlodHistory" batchid="C0057F59838B4D5E9C5D472EB878AAB8" href="javascript:void(0);" title="Download Excel Report" style="position:absolute;top:-4px;right:5px;z-index:99;">...</a> is not clickable at point (1277, 267). Other element would receive the click: <div class="blockUI blockOverlay" style="z-index: 1000; border: none; margin: 0px; padding: 0px; width: 100%; height: 100%; top: 0px; left: 0px; background-color: rgb(0, 0, 0); cursor: default; position: fixed; opacity: 0;"></div>
  (Session info: chrome=78.0.3904.70)
  (Driver info: chromedriver=2.43.600210 (68dcf5eebde37173d4027fa8635e332711d2874a),platform=Windows NT 10.0.17763 x86_64) (WARNING: The server did not provide any stacktrace information)
Command duration or timeout: 0 milliseconds
Build info: version: '3.10.0', revision: '176b4a9', time: '2018-03-02T19:03:16.397Z'
System info: host: 'DESKTOP-U3PMRBE', ip: '169.254.86.53', os.name: 'Windows 10', os.arch: 'amd64', os.version: '10.0', java.version: '1.8.0_221'
Driver info: org.openqa.selenium.chrome.ChromeDriver
Capabilities {acceptInsecureCerts: false, acceptSslCerts: false, applicationCacheEnabled: false, browserConnectionEnabled: false, browserName: chrome, chrome: {chromedriverVersion: 2.43.600210 (68dcf5eebde371..., userDataDir: C:\Users\smsc\AppData\Local...}, cssSelectorsEnabled: true, databaseEnabled: false, goog:chromeOptions: {debuggerAddress: localhost:59595}, handlesAlerts: true, hasTouchScreen: false, javascriptEnabled: true, locationContextEnabled: true, mobileEmulationEnabled: false, nativeEvents: true, networkConnectionEnabled: false, pageLoadStrategy: normal, platform: XP, platformName: XP, rotatable: false, setWindowRect: true, takesHeapSnapshot: true, takesScreenshot: true, unexpectedAlertBehaviour: , unhandledPromptBehavior: , version: 78.0.3904.70, webStorageEnabled: true}
Session ID: 40ff66da3dd4f51459e6bcb963938836
at org.openqa.selenium.remote.ErrorHandler.createThrowable(ErrorHandler.java:214)
at org.openqa.selenium.remote.ErrorHandler.throwIfResponseFailed(ErrorHandler.java:166)
at org.openqa.selenium.remote.http.JsonHttpResponseCodec.reconstructValue(JsonHttpResponseCodec.java:40)
at org.openqa.selenium.remote.http.AbstractHttpResponseCodec.decode(AbstractHttpResponseCodec.java:80)
at org.openqa.selenium.remote.http.AbstractHttpResponseCodec.decode(AbstractHttpResponseCodec.java:44)
at org.openqa.selenium.remote.HttpCommandExecutor.execute(HttpCommandExecutor.java:160)
at org.openqa.selenium.remote.service.DriverCommandExecutor.execute(DriverCommandExecutor.java:83)
at org.openqa.selenium.remote.RemoteWebDriver.execute(RemoteWebDriver.java:601)
at org.openqa.selenium.remote.RemoteWebElement.execute(RemoteWebElement.java:279)
at org.openqa.selenium.remote.RemoteWebElement.click(RemoteWebElement.java:83)
at GT.GT.GrpTalks.clickExcelReportDownloadButtonOnHistory(GrpTalks.java:524)
at GT.GT.CreateAndCallGroupTest.verifyfunctionalityOfExcelReportDownloadOptionOnHistory(CreateAndCallGroupTest.java:3514)
at java.util.ArrayList.forEach(Unknown Source)
... Removed 31 stack frames]]>
    </failure>
  </testcase> <!-- verifyfunctionalityOfExcelReportDownloadOptionOnHistory -->
  <testcase name="verifyselectedcontactstab" time="16.559" classname="GT.GT.CreateAndCallGroupTest"/>
  <testcase name="VerifyAllowNonMembersOptionInAdvancedSettingsOnOverlayInEditGrpTalk" time="41.173" classname="GT.GT.CreateAndCallGroupTest"/>
  <testcase name="verifyEditGroupWithNormalAndMuteClips" time="0.0" classname="GT.GT.CreateAndCallGroupTest">
    <ignored/>
  </testcase> <!-- verifyEditGroupWithNormalAndMuteClips -->
  <testcase name="verifyCancelOptionForScheduleGroup" time="0.0" classname="GT.GT.CreateAndCallGroupTest">
    <ignored/>
  </testcase> <!-- verifyCancelOptionForScheduleGroup -->
  <testcase name="verifyErrorMsgWhenWeSubmitSaveButtonWithOutEnterGrpTalkName" time="0.0" classname="GT.GT.CreateAndCallGroupTest">
    <ignored/>
  </testcase> <!-- verifyErrorMsgWhenWeSubmitSaveButtonWithOutEnterGrpTalkName -->
  <testcase name="verifyRemoveFunctionalityOfSavedGroupsOnMyGrpTalkPage" time="0.0" classname="GT.GT.CreateAndCallGroupTest">
    <ignored/>
  </testcase> <!-- verifyRemoveFunctionalityOfSavedGroupsOnMyGrpTalkPage -->
  <testcase name="verifyNormalAndMuteClipsFunctionalityOnScheduleOverlay" time="0.0" classname="GT.GT.CreateAndCallGroupTest">
    <ignored/>
  </testcase> <!-- verifyNormalAndMuteClipsFunctionalityOnScheduleOverlay -->
  <testcase name="VerifyAssignCallManagerOptionInAdvancedSettingsOnOverlayForSchedule" time="0.0" classname="GT.GT.CreateAndCallGroupTest">
    <ignored/>
  </testcase> <!-- VerifyAssignCallManagerOptionInAdvancedSettingsOnOverlayForSchedule -->
  <testcase name="verifyCallFunctionalityWhenMuteAllButtonIsClickedInUnMutedTab" time="0.0" classname="GT.GT.CreateAndCallGroupTest">
    <ignored/>
  </testcase> <!-- verifyCallFunctionalityWhenMuteAllButtonIsClickedInUnMutedTab -->
  <testcase name="verifyCallFunctionalityFromOnCallTab" time="0.0" classname="GT.GT.CreateAndCallGroupTest">
    <ignored/>
  </testcase> <!-- verifyCallFunctionalityFromOnCallTab -->
  <testcase name="verifyRepeatDaysFunctionalityOnEditGrpTalks" time="0.0" classname="GT.GT.CreateAndCallGroupTest">
    <ignored/>
  </testcase> <!-- verifyRepeatDaysFunctionalityOnEditGrpTalks -->
  <testcase name="verifyHangUpInOnGoingCallOfindividualUser" time="0.0" classname="GT.GT.CreateAndCallGroupTest">
    <ignored/>
  </testcase> <!-- verifyHangUpInOnGoingCallOfindividualUser -->
  <testcase name="verifyErrorMsgWhenWeSubmitStartNowButtonWithOutEnterGrpTalkName" time="0.0" classname="GT.GT.CreateAndCallGroupTest">
    <ignored/>
  </testcase> <!-- verifyErrorMsgWhenWeSubmitStartNowButtonWithOutEnterGrpTalkName -->
  <testcase name="verifyErrorMsgWhenWeSubmitScheduleButtonWithOutSelectingAnyPhoneContacts" time="0.0" classname="GT.GT.CreateAndCallGroupTest">
    <ignored/>
  </testcase> <!-- verifyErrorMsgWhenWeSubmitScheduleButtonWithOutSelectingAnyPhoneContacts -->
  <testcase name="verifyDeleteNormalAndMuteClipsFromScheduleGRoup" time="0.0" classname="GT.GT.CreateAndCallGroupTest">
    <ignored/>
  </testcase> <!-- verifyDeleteNormalAndMuteClipsFromScheduleGRoup -->
  <testcase name="verifyMuteFunctionalityInOnGoingGrpCallThroughNormalDial" time="0.0" classname="GT.GT.CreateAndCallGroupTest">
    <ignored/>
  </testcase> <!-- verifyMuteFunctionalityInOnGoingGrpCallThroughNormalDial -->
  <testcase name="VerifyDialInOptionInAdvancedSettingsOnOverlayInEditGrpTalk" time="0.0" classname="GT.GT.CreateAndCallGroupTest">
    <ignored/>
  </testcase> <!-- VerifyDialInOptionInAdvancedSettingsOnOverlayInEditGrpTalk -->
  <testcase name="verifyNonRepeatedGroupCallFunctionalityThroughHistory" time="0.0" classname="GT.GT.CreateAndCallGroupTest">
    <ignored/>
  </testcase> <!-- verifyNonRepeatedGroupCallFunctionalityThroughHistory -->
  <testcase name="verifySelectSpecificCharacterOfContactsInPhoneContacts" time="0.0" classname="GT.GT.CreateAndCallGroupTest">
    <ignored/>
  </testcase> <!-- verifySelectSpecificCharacterOfContactsInPhoneContacts -->
  <testcase name="verifyCanclefunctionalityOnOverlayInGrpCall" time="0.0" classname="GT.GT.CreateAndCallGroupTest">
    <ignored/>
  </testcase> <!-- verifyCanclefunctionalityOnOverlayInGrpCall -->
  <testcase name="verifyNumberOfUsersFromSelectedContactsTab" time="0.0" classname="GT.GT.CreateAndCallGroupTest">
    <ignored/>
  </testcase> <!-- verifyNumberOfUsersFromSelectedContactsTab -->
  <testcase name="verifyMuteDialfunctionalityOnOverlayInGrpCall" time="0.0" classname="GT.GT.CreateAndCallGroupTest">
    <ignored/>
  </testcase> <!-- verifyMuteDialfunctionalityOnOverlayInGrpCall -->
  <testcase name="verifyUnMuteFromMuteDialfunctionalityInGrpCall" time="0.0" classname="GT.GT.CreateAndCallGroupTest">
    <ignored/>
  </testcase> <!-- verifyUnMuteFromMuteDialfunctionalityInGrpCall -->
  <testcase name="verifyAddMemberInOnGoingGrpCallThroughWebList" time="0.0" classname="GT.GT.CreateAndCallGroupTest">
    <ignored/>
  </testcase> <!-- verifyAddMemberInOnGoingGrpCallThroughWebList -->
  <testcase name="verifyCallFunctionalityOfIndividualDialInCallEndedTab" time="0.0" classname="GT.GT.CreateAndCallGroupTest">
    <ignored/>
  </testcase> <!-- verifyCallFunctionalityOfIndividualDialInCallEndedTab -->
  <testcase name="method11" time="0.0" classname="GT.GT.CreateAndCallGroupTest">
    <ignored/>
  </testcase> <!-- method11 -->
  <testcase name="verifyScheduleGroupWithNormalAndMuteClips" time="0.0" classname="GT.GT.CreateAndCallGroupTest">
    <ignored/>
  </testcase> <!-- verifyScheduleGroupWithNormalAndMuteClips -->
  <testcase name="verifyMuteDialFunctionalityFromScheduleOverlay" time="0.0" classname="GT.GT.CreateAndCallGroupTest">
    <ignored/>
  </testcase> <!-- verifyMuteDialFunctionalityFromScheduleOverlay -->
  <testcase name="verifyPrivateRoomFuntionalityInLiveCallListView" time="0.0" classname="GT.GT.CreateAndCallGroupTest">
    <ignored/>
  </testcase> <!-- verifyPrivateRoomFuntionalityInLiveCallListView -->
  <testcase name="verifyRemoveContactFromSavedGroupOnMyGrpTalkPage" time="0.0" classname="GT.GT.CreateAndCallGroupTest">
    <ignored/>
  </testcase> <!-- verifyRemoveContactFromSavedGroupOnMyGrpTalkPage -->
  <testcase name="verifyCallFunctionalityOfContactsFromCreateGroupTalkPage" time="0.0" classname="GT.GT.CreateAndCallGroupTest">
    <ignored/>
  </testcase> <!-- verifyCallFunctionalityOfContactsFromCreateGroupTalkPage -->
  <testcase name="verifyErrorMsgWhenWeSubmitSaveButtonWithOutSelectingAnyPhoneContacts" time="0.0" classname="GT.GT.CreateAndCallGroupTest">
    <ignored/>
  </testcase> <!-- verifyErrorMsgWhenWeSubmitSaveButtonWithOutSelectingAnyPhoneContacts -->
  <testcase name="verifyDatePickerFunctionalityOnEditGrpTalks" time="0.0" classname="GT.GT.CreateAndCallGroupTest">
    <ignored/>
  </testcase> <!-- verifyDatePickerFunctionalityOnEditGrpTalks -->
  <testcase name="verifyAddMoreNumberOfUsersthanMaximunLimitFromContactList" time="0.0" classname="GT.GT.CreateAndCallGroupTest">
    <ignored/>
  </testcase> <!-- verifyAddMoreNumberOfUsersthanMaximunLimitFromContactList -->
  <testcase name="verifyErrorMsgWhenWeSubmitScheduleButtonWithOutEnterGrpTalkName" time="0.0" classname="GT.GT.CreateAndCallGroupTest">
    <ignored/>
  </testcase> <!-- verifyErrorMsgWhenWeSubmitScheduleButtonWithOutEnterGrpTalkName -->
  <testcase name="verifySearchOptionWithPartialValidUserName" time="0.0" classname="GT.GT.CreateAndCallGroupTest">
    <ignored/>
  </testcase> <!-- verifySearchOptionWithPartialValidUserName -->
  <testcase name="verifyCallFunctionalityOfIndividualDialInCallEndedTabInListView" time="0.0" classname="GT.GT.CreateAndCallGroupTest">
    <ignored/>
  </testcase> <!-- verifyCallFunctionalityOfIndividualDialInCallEndedTabInListView -->
  <testcase name="verifyCallFunctionalityOfDialAllButtonInCallEndedTab" time="0.0" classname="GT.GT.CreateAndCallGroupTest">
    <ignored/>
  </testcase> <!-- verifyCallFunctionalityOfDialAllButtonInCallEndedTab -->
  <testcase name="verifyAddMemberInOnGoingGrpCallFromCreateGroupTalkPageByCreatingNewGroup" time="0.0" classname="GT.GT.CreateAndCallGroupTest">
    <ignored/>
  </testcase> <!-- verifyAddMemberInOnGoingGrpCallFromCreateGroupTalkPageByCreatingNewGroup -->
  <testcase name="verifyCallFunctionalityFromUnMutedCountInListView" time="0.0" classname="GT.GT.CreateAndCallGroupTest">
    <ignored/>
  </testcase> <!-- verifyCallFunctionalityFromUnMutedCountInListView -->
  <testcase name="verifyNormalAndMuteClipsFunctionalityOnSaveGroupOverlay" time="0.0" classname="GT.GT.CreateAndCallGroupTest">
    <ignored/>
  </testcase> <!-- verifyNormalAndMuteClipsFunctionalityOnSaveGroupOverlay -->
  <testcase name="verifyCallFunctionalityFromAllMembersTabInListView" time="0.0" classname="GT.GT.CreateAndCallGroupTest">
    <ignored/>
  </testcase> <!-- verifyCallFunctionalityFromAllMembersTabInListView -->
  <testcase name="VerifyDialInOptionAndAllowNonMembersOptionInAdvancedSettingsOnOverlayInEditGrpTalk" time="0.0" classname="GT.GT.CreateAndCallGroupTest">
    <ignored/>
  </testcase> <!-- VerifyDialInOptionAndAllowNonMembersOptionInAdvancedSettingsOnOverlayInEditGrpTalk -->
  <testcase name="verifyDatePickerFunctionalityForScheduleOnEditGrpTalks" time="0.0" classname="GT.GT.CreateAndCallGroupTest">
    <ignored/>
  </testcase> <!-- verifyDatePickerFunctionalityForScheduleOnEditGrpTalks -->
  <testcase name="VerifyDialInOptionInAdvancedSettingsOnOverlayForSchedule" time="0.0" classname="GT.GT.CreateAndCallGroupTest">
    <ignored/>
  </testcase> <!-- VerifyDialInOptionInAdvancedSettingsOnOverlayForSchedule -->
  <testcase name="verifyCallFunctionalityFromAllMembersTab" time="0.0" classname="GT.GT.CreateAndCallGroupTest">
    <ignored/>
  </testcase> <!-- verifyCallFunctionalityFromAllMembersTab -->
  <testcase name="verifyCallFunctionalityFromOnCallTabInListView" time="0.0" classname="GT.GT.CreateAndCallGroupTest">
    <ignored/>
  </testcase> <!-- verifyCallFunctionalityFromOnCallTabInListView -->
  <testcase name="verifyAddMemberInOnGoingGrpCallThroughContacts" time="0.0" classname="GT.GT.CreateAndCallGroupTest">
    <ignored/>
  </testcase> <!-- verifyAddMemberInOnGoingGrpCallThroughContacts -->
  <testcase name="verifyCallFunctionalityFromCreateGroupTalkPageByCreatingNewGroup" time="0.0" classname="GT.GT.CreateAndCallGroupTest">
    <ignored/>
  </testcase> <!-- verifyCallFunctionalityFromCreateGroupTalkPageByCreatingNewGroup -->
  <testcase name="verifyGrpTalkNameOnCreateGroupAndGrpTalksPages" time="0.0" classname="GT.GT.CreateAndCallGroupTest">
    <ignored/>
  </testcase> <!-- verifyGrpTalkNameOnCreateGroupAndGrpTalksPages -->
  <testcase name="verifyCallFunctionalityFromQuickDialButtonInMyGrpTalk" time="0.0" classname="GT.GT.CreateAndCallGroupTest">
    <ignored/>
  </testcase> <!-- verifyCallFunctionalityFromQuickDialButtonInMyGrpTalk -->
  <testcase name="createAndSaveTheGroupByLeaveGroupName" time="0.0" classname="GT.GT.CreateAndCallGroupTest">
    <ignored/>
  </testcase> <!-- createAndSaveTheGroupByLeaveGroupName -->
  <testcase name="verifyCallFunctionalityFromUnMutedCount" time="0.0" classname="GT.GT.CreateAndCallGroupTest">
    <ignored/>
  </testcase> <!-- verifyCallFunctionalityFromUnMutedCount -->
  <testcase name="verifyCreateWebLIstFromCreateGrpPage" time="0.0" classname="GT.GT.CreateAndCallGroupTest">
    <ignored/>
  </testcase> <!-- verifyCreateWebLIstFromCreateGrpPage -->
</testsuite> <!-- callpage -->
