<?xml version="1.0" encoding="UTF-8"?>
<!-- Generated by org.testng.reporters.JUnitXMLReporter -->
<testsuite hostname="DESKTOP-U3PMRBE" ignored="9" name="ContactsPageTest" tests="1" failures="0" timestamp="2019-11-19T10:47:28 IST" time="195.942" errors="0">
  <testcase name="verifyCallFunctionality" time="155.381" classname="GT.GT.RestApiTest"/>
  <testcase name="verifyCallFunctionalityCopy" time="0.0" classname="GT.GT.RestApiTest">
    <ignored/>
  </testcase> <!-- verifyCallFunctionalityCopy -->
  <testcase name="verifyOnCallHandRaiseAndDisConnected" time="0.0" classname="GT.GT.RestApiTest">
    <ignored/>
  </testcase> <!-- verifyOnCallHandRaiseAndDisConnected -->
  <testcase name="verifyFunctionalityOfDialInParticipants" time="0.0" classname="GT.GT.RestApiTest">
    <ignored/>
  </testcase> <!-- verifyFunctionalityOfDialInParticipants -->
  <testcase name="verifyFunctionalityOfHandRaiseParticipants" time="0.0" classname="GT.GT.RestApiTest">
    <ignored/>
  </testcase> <!-- verifyFunctionalityOfHandRaiseParticipants -->
  <testcase name="verifyFunctionalityOfOnCallAndDisconnectedParticipants" time="0.0" classname="GT.GT.RestApiTest">
    <ignored/>
  </testcase> <!-- verifyFunctionalityOfOnCallAndDisconnectedParticipants -->
  <testcase name="verifyCallFunctionalityFromCreateGroupTalkPageByCreatingNewGroup" time="0.0" classname="GT.GT.RestApiTest">
    <ignored/>
  </testcase> <!-- verifyCallFunctionalityFromCreateGroupTalkPageByCreatingNewGroup -->
  <testcase name="verifyFunctionalityOfIncomingCallFromParticipants" time="0.0" classname="GT.GT.RestApiTest">
    <ignored/>
  </testcase> <!-- verifyFunctionalityOfIncomingCallFromParticipants -->
  <testcase name="verifyFunctionalityOfAcceptAndDisconnectRedialParticipants" time="0.0" classname="GT.GT.RestApiTest">
    <ignored/>
  </testcase> <!-- verifyFunctionalityOfAcceptAndDisconnectRedialParticipants -->
  <testcase name="verifyFunctionalityOfAutoDisconnectedParticipants" time="0.0" classname="GT.GT.RestApiTest">
    <ignored/>
  </testcase> <!-- verifyFunctionalityOfAutoDisconnectedParticipants -->
</testsuite> <!-- ContactsPageTest -->
