<?xml version="1.0" encoding="UTF-8"?>
<!-- Generated by org.testng.reporters.JUnitXMLReporter -->
<testsuite hostname="DESKTOP-U3PMRBE" ignored="7" name="ContactsPageTest1" tests="5" failures="0" timestamp="2019-11-11T11:00:41 IST" time="246.841" errors="0">
  <testcase name="verifyCreateListFromContactsPageUsingPlusSymbol" time="12.732" classname="GT.GT.ContactsPageTest"/>
  <testcase name="verifyCreateListFromExcelUpload" time="24.369" classname="GT.GT.ContactsPageTest"/>
  <testcase name="verifyDeleteListFromContactsPage" time="13.277" classname="GT.GT.ContactsPageTest"/>
  <testcase name="verifyAddContactsFromAddContactsTabOnOverlay" time="15.25" classname="GT.GT.ContactsPageTest"/>
  <testcase name="verifyAddContactsFromMobileContactsTabOnOverlay" time="16.804" classname="GT.GT.ContactsPageTest"/>
  <testcase name="verifyAddduplicateContactsFromAddContactsTabOnOverlay" time="0.0" classname="GT.GT.ContactsPageTest">
    <ignored/>
  </testcase> <!-- verifyAddduplicateContactsFromAddContactsTabOnOverlay -->
  <testcase name="verifyAddContactsFromWebListsTabOnOverlay" time="0.0" classname="GT.GT.ContactsPageTest">
    <ignored/>
  </testcase> <!-- verifyAddContactsFromWebListsTabOnOverlay -->
  <testcase name="verifySwitchingBetweenPhoneContactsAndWeblist" time="0.0" classname="GT.GT.ContactsPageTest">
    <ignored/>
  </testcase> <!-- verifySwitchingBetweenPhoneContactsAndWeblist -->
  <testcase name="verifyCreateListFromContactsPage" time="0.0" classname="GT.GT.ContactsPageTest">
    <ignored/>
  </testcase> <!-- verifyCreateListFromContactsPage -->
  <testcase name="verifyReNameListFromContactsPage" time="0.0" classname="GT.GT.ContactsPageTest">
    <ignored/>
  </testcase> <!-- verifyReNameListFromContactsPage -->
  <testcase name="verifyCreateListFromExcelUploadviaedit" time="0.0" classname="GT.GT.ContactsPageTest">
    <ignored/>
  </testcase> <!-- verifyCreateListFromExcelUploadviaedit -->
  <testcase name="verifyDeleteAddedContactsFromAddContactsTabOnOverlay" time="0.0" classname="GT.GT.ContactsPageTest">
    <ignored/>
  </testcase> <!-- verifyDeleteAddedContactsFromAddContactsTabOnOverlay -->
</testsuite> <!-- ContactsPageTest1 -->
